{"/Users/oltimaloku/Documents/School/Year4/CPSC-310/project_team055/src/controller/IInsightFacade.ts":{"path":"/Users/oltimaloku/Documents/School/Year4/CPSC-310/project_team055/src/controller/IInsightFacade.ts","statementMap":{"0":{"start":{"line":2,"column":0},"end":{"line":2,"column":62}},"1":{"start":{"line":3,"column":0},"end":{"line":3,"column":113}},"2":{"start":{"line":5,"column":0},"end":{"line":8,"column":89}},"3":{"start":{"line":6,"column":4},"end":{"line":6,"column":48}},"4":{"start":{"line":7,"column":4},"end":{"line":7,"column":42}},"5":{"start":{"line":11,"column":8},"end":{"line":11,"column":23}},"6":{"start":{"line":12,"column":8},"end":{"line":12,"column":52}},"7":{"start":{"line":15,"column":0},"end":{"line":15,"column":36}},"8":{"start":{"line":18,"column":8},"end":{"line":18,"column":23}},"9":{"start":{"line":19,"column":8},"end":{"line":19,"column":53}},"10":{"start":{"line":22,"column":0},"end":{"line":22,"column":38}},"11":{"start":{"line":25,"column":8},"end":{"line":25,"column":23}},"12":{"start":{"line":26,"column":8},"end":{"line":26,"column":59}},"13":{"start":{"line":29,"column":0},"end":{"line":29,"column":50}}},"fnMap":{"0":{"name":"(anonymous_0)","decl":{"start":{"line":5,"column":1},"end":{"line":5,"column":2}},"loc":{"start":{"line":5,"column":31},"end":{"line":8,"column":1}},"line":5},"1":{"name":"(anonymous_1)","decl":{"start":{"line":10,"column":4},"end":{"line":10,"column":5}},"loc":{"start":{"line":10,"column":25},"end":{"line":13,"column":5}},"line":10},"2":{"name":"(anonymous_2)","decl":{"start":{"line":17,"column":4},"end":{"line":17,"column":5}},"loc":{"start":{"line":17,"column":25},"end":{"line":20,"column":5}},"line":17},"3":{"name":"(anonymous_3)","decl":{"start":{"line":24,"column":4},"end":{"line":24,"column":5}},"loc":{"start":{"line":24,"column":25},"end":{"line":27,"column":5}},"line":24}},"branchMap":{"0":{"loc":{"start":{"line":8,"column":24},"end":{"line":8,"column":87}},"type":"binary-expr","locations":[{"start":{"line":8,"column":24},"end":{"line":8,"column":50}},{"start":{"line":8,"column":55},"end":{"line":8,"column":86}}],"line":8}},"s":{"0":1,"1":1,"2":1,"3":1,"4":1,"5":94,"6":94,"7":1,"8":2,"9":2,"10":1,"11":1,"12":1,"13":1},"f":{"0":1,"1":94,"2":2,"3":1},"b":{"0":[1,1]},"inputSourceMap":{"version":3,"file":"/Users/oltimaloku/Documents/School/Year4/CPSC-310/project_team055/src/controller/IInsightFacade.ts","sources":["/Users/oltimaloku/Documents/School/Year4/CPSC-310/project_team055/src/controller/IInsightFacade.ts"],"names":[],"mappings":";;;AAMA,IAAY,kBAGX;AAHD,WAAY,kBAAkB;IAC7B,2CAAqB,CAAA;IACrB,qCAAe,CAAA;AAChB,CAAC,EAHW,kBAAkB,GAAlB,0BAAkB,KAAlB,0BAAkB,QAG7B;AAUD,MAAa,YAAa,SAAQ,KAAK;IACtC,YAAY,OAAgB;QAC3B,KAAK,CAAC,OAAO,CAAC,CAAC;QACf,KAAK,CAAC,iBAAiB,CAAC,IAAI,EAAE,YAAY,CAAC,CAAC;IAC7C,CAAC;CACD;AALD,oCAKC;AAED,MAAa,aAAc,SAAQ,KAAK;IACvC,YAAY,OAAgB;QAC3B,KAAK,CAAC,OAAO,CAAC,CAAC;QACf,KAAK,CAAC,iBAAiB,CAAC,IAAI,EAAE,aAAa,CAAC,CAAC;IAC9C,CAAC;CACD;AALD,sCAKC;AAED,MAAa,mBAAoB,SAAQ,KAAK;IAC7C,YAAY,OAAgB;QAC3B,KAAK,CAAC,OAAO,CAAC,CAAC;QACf,KAAK,CAAC,iBAAiB,CAAC,IAAI,EAAE,mBAAmB,CAAC,CAAC;IACpD,CAAC;CACD;AALD,kDAKC","sourcesContent":["/*\n * This is the primary high-level API for the project. In this folder there should be:\n * A class called InsightFacade, this should be in a file called InsightFacade.ts.\n * You should not change this interface at all or the test suite will not work.\n */\n\nexport enum InsightDatasetKind {\n\tSections = \"sections\",\n\tRooms = \"rooms\",\n}\n\nexport interface InsightDataset {\n\tid: string;\n\tkind: InsightDatasetKind;\n\tnumRows: number;\n}\n\nexport type InsightResult = Record<string, string | number>;\n\nexport class InsightError extends Error {\n\tconstructor(message?: string) {\n\t\tsuper(message);\n\t\tError.captureStackTrace(this, InsightError);\n\t}\n}\n\nexport class NotFoundError extends Error {\n\tconstructor(message?: string) {\n\t\tsuper(message);\n\t\tError.captureStackTrace(this, NotFoundError);\n\t}\n}\n\nexport class ResultTooLargeError extends Error {\n\tconstructor(message?: string) {\n\t\tsuper(message);\n\t\tError.captureStackTrace(this, ResultTooLargeError);\n\t}\n}\n\nexport interface IInsightFacade {\n\t/**\n\t * Add a dataset to insightUBC.\n\t *\n\t * @param id  The id of the dataset being added. Follows the format /^[^_]+$/\n\t * @param content  The base64 content of the dataset. This content should be in the form of a serialized zip file.\n\t * @param kind  The kind of the dataset\n\t *\n\t * @return Promise <string[]>\n\t *\n\t * The promise should fulfill on a successful add, reject for any failures.\n\t * The promise should fulfill with a string array,\n\t * containing the ids of all currently added datasets upon a successful add.\n\t * The promise should reject with an InsightError describing the error.\n\t *\n\t * An id is invalid if it contains an underscore, or is only whitespace characters.\n\t * If id is the same as the id of an already added dataset, the dataset should be rejected and not saved.\n\t *\n\t * After receiving the dataset, it should be processed into a data structure of\n\t * your design. The processed data structure should be persisted to disk; your\n\t * system should be able to load this persisted value into memory for answering\n\t * queries.\n\t *\n\t * Ultimately, a dataset must be added or loaded from disk before queries can\n\t * be successfully answered.\n\t */\n\taddDataset(id: string, content: string, kind: InsightDatasetKind): Promise<string[]>;\n\n\t/**\n\t * Remove a dataset from insightUBC.\n\t *\n\t * @param id  The id of the dataset to remove. Follows the format /^[^_]+$/\n\t *\n\t * @return Promise <string>\n\t *\n\t * The promise should fulfill upon a successful removal, reject on any error.\n\t * Attempting to remove a dataset that hasn't been added yet counts as an error.\n\t *\n\t * An id is invalid if it contains an underscore, or is only whitespace characters.\n\t *\n\t * The promise should fulfill the id of the dataset that was removed.\n\t * The promise should reject with a NotFoundError (if a valid id was not yet added)\n\t * or an InsightError (invalid id or any other source of failure) describing the error.\n\t *\n\t * This will delete both disk and memory caches for the dataset for the id meaning\n\t * that subsequent queries for that id should fail unless a new addDataset happens first.\n\t */\n\tremoveDataset(id: string): Promise<string>;\n\n\t/**\n\t * Perform a query on insightUBC.\n\t *\n\t * @param query  The query to be performed.\n\t *\n\t * If a query is incorrectly formatted, references a dataset not added (in memory or on disk),\n\t * or references multiple datasets, it should be rejected.\n\t *\n\t * @return Promise <InsightResult[]>\n\t *\n\t * The promise should fulfill with an array of results.\n\t * The promise should reject with a ResultTooLargeError (if the query returns too many results)\n\t * or an InsightError (for any other source of failure) describing the error.\n\t */\n\tperformQuery(query: unknown): Promise<InsightResult[]>;\n\n\t/**\n\t * List all currently added datasets, their types, and number of rows.\n\t *\n\t * @return Promise <InsightDataset[]>\n\t * The promise should fulfill an array of currently added InsightDatasets, and will only fulfill.\n\t */\n\tlistDatasets(): Promise<InsightDataset[]>;\n}\n"]},"_coverageSchema":"1a1c01bbd47fc00a2c39e90264f33305004495a9","hash":"4eb4ab0308c476a1c9f4965ab49460487ddfe7cc","contentHash":"6c7104f2e3e609eabd2a4017f555e53baf8a22a4cb4d2f01dc5a0dd73865c2aa"},"/Users/oltimaloku/Documents/School/Year4/CPSC-310/project_team055/src/controller/InsightFacade.ts":{"path":"/Users/oltimaloku/Documents/School/Year4/CPSC-310/project_team055/src/controller/InsightFacade.ts","statementMap":{"0":{"start":{"line":2,"column":22},"end":{"line":4,"column":1}},"1":{"start":{"line":3,"column":4},"end":{"line":3,"column":62}},"2":{"start":{"line":5,"column":0},"end":{"line":5,"column":62}},"3":{"start":{"line":6,"column":19},"end":{"line":6,"column":55}},"4":{"start":{"line":7,"column":25},"end":{"line":7,"column":52}},"5":{"start":{"line":8,"column":28},"end":{"line":8,"column":58}},"6":{"start":{"line":9,"column":27},"end":{"line":9,"column":73}},"7":{"start":{"line":10,"column":15},"end":{"line":10,"column":49}},"8":{"start":{"line":12,"column":15},"end":{"line":12,"column":24}},"9":{"start":{"line":13,"column":21},"end":{"line":13,"column":48}},"10":{"start":{"line":14,"column":21},"end":{"line":14,"column":48}},"11":{"start":{"line":15,"column":25},"end":{"line":15,"column":29}},"12":{"start":{"line":17,"column":8},"end":{"line":22,"column":9}},"13":{"start":{"line":18,"column":31},"end":{"line":18,"column":52}},"14":{"start":{"line":19,"column":12},"end":{"line":21,"column":13}},"15":{"start":{"line":20,"column":16},"end":{"line":20,"column":34}},"16":{"start":{"line":23,"column":8},"end":{"line":35,"column":9}},"17":{"start":{"line":24,"column":27},"end":{"line":24,"column":98}},"18":{"start":{"line":25,"column":12},"end":{"line":30,"column":13}},"19":{"start":{"line":26,"column":16},"end":{"line":29,"column":17}},"20":{"start":{"line":27,"column":20},"end":{"line":27,"column":50}},"21":{"start":{"line":28,"column":20},"end":{"line":28,"column":34}},"22":{"start":{"line":31,"column":12},"end":{"line":31,"column":76}},"23":{"start":{"line":34,"column":12},"end":{"line":34,"column":71}},"24":{"start":{"line":36,"column":8},"end":{"line":36,"column":18}},"25":{"start":{"line":39,"column":8},"end":{"line":74,"column":9}},"26":{"start":{"line":40,"column":12},"end":{"line":42,"column":13}},"27":{"start":{"line":41,"column":16},"end":{"line":41,"column":70}},"28":{"start":{"line":43,"column":12},"end":{"line":50,"column":13}},"29":{"start":{"line":44,"column":16},"end":{"line":44,"column":74}},"30":{"start":{"line":47,"column":16},"end":{"line":49,"column":17}},"31":{"start":{"line":48,"column":20},"end":{"line":48,"column":32}},"32":{"start":{"line":51,"column":34},"end":{"line":51,"column":93}},"33":{"start":{"line":52,"column":12},"end":{"line":54,"column":13}},"34":{"start":{"line":53,"column":16},"end":{"line":53,"column":82}},"35":{"start":{"line":56,"column":12},"end":{"line":64,"column":13}},"36":{"start":{"line":57,"column":16},"end":{"line":57,"column":100}},"37":{"start":{"line":59,"column":17},"end":{"line":64,"column":13}},"38":{"start":{"line":60,"column":16},"end":{"line":60,"column":97}},"39":{"start":{"line":63,"column":16},"end":{"line":63,"column":84}},"40":{"start":{"line":65,"column":12},"end":{"line":67,"column":13}},"41":{"start":{"line":66,"column":16},"end":{"line":66,"column":90}},"42":{"start":{"line":68,"column":12},"end":{"line":68,"column":52}},"43":{"start":{"line":69,"column":12},"end":{"line":69,"column":103}},"44":{"start":{"line":70,"column":12},"end":{"line":70,"column":52}},"45":{"start":{"line":73,"column":12},"end":{"line":73,"column":84}},"46":{"start":{"line":77,"column":8},"end":{"line":77,"column":58}},"47":{"start":{"line":80,"column":8},"end":{"line":82,"column":9}},"48":{"start":{"line":81,"column":12},"end":{"line":81,"column":66}},"49":{"start":{"line":83,"column":29},"end":{"line":83,"column":102}},"50":{"start":{"line":84,"column":31},"end":{"line":84,"column":52}},"51":{"start":{"line":85,"column":8},"end":{"line":87,"column":9}},"52":{"start":{"line":86,"column":12},"end":{"line":86,"column":74}},"53":{"start":{"line":88,"column":8},"end":{"line":90,"column":9}},"54":{"start":{"line":89,"column":12},"end":{"line":89,"column":37}},"55":{"start":{"line":91,"column":8},"end":{"line":93,"column":9}},"56":{"start":{"line":92,"column":12},"end":{"line":92,"column":82}},"57":{"start":{"line":94,"column":8},"end":{"line":94,"column":18}},"58":{"start":{"line":97,"column":21},"end":{"line":97,"column":23}},"59":{"start":{"line":98,"column":25},"end":{"line":98,"column":27}},"60":{"start":{"line":99,"column":22},"end":{"line":99,"column":24}},"61":{"start":{"line":100,"column":8},"end":{"line":125,"column":9}},"62":{"start":{"line":101,"column":12},"end":{"line":110,"column":13}},"63":{"start":{"line":102,"column":29},"end":{"line":102,"column":44}},"64":{"start":{"line":103,"column":16},"end":{"line":109,"column":17}},"65":{"start":{"line":104,"column":20},"end":{"line":104,"column":96}},"66":{"start":{"line":105,"column":20},"end":{"line":105,"column":54}},"67":{"start":{"line":108,"column":20},"end":{"line":108,"column":71}},"68":{"start":{"line":111,"column":12},"end":{"line":124,"column":13}},"69":{"start":{"line":112,"column":30},"end":{"line":112,"column":43}},"70":{"start":{"line":113,"column":16},"end":{"line":123,"column":17}},"71":{"start":{"line":114,"column":20},"end":{"line":119,"column":21}},"72":{"start":{"line":115,"column":24},"end":{"line":115,"column":57}},"73":{"start":{"line":118,"column":24},"end":{"line":118,"column":87}},"74":{"start":{"line":122,"column":20},"end":{"line":122,"column":88}},"75":{"start":{"line":126,"column":8},"end":{"line":126,"column":76}},"76":{"start":{"line":129,"column":8},"end":{"line":159,"column":9}},"77":{"start":{"line":132,"column":12},"end":{"line":134,"column":13}},"78":{"start":{"line":133,"column":16},"end":{"line":133,"column":84}},"79":{"start":{"line":135,"column":12},"end":{"line":138,"column":13}},"80":{"start":{"line":136,"column":16},"end":{"line":136,"column":36}},"81":{"start":{"line":137,"column":16},"end":{"line":137,"column":40}},"82":{"start":{"line":139,"column":32},"end":{"line":139,"column":102}},"83":{"start":{"line":140,"column":29},"end":{"line":140,"column":70}},"84":{"start":{"line":141,"column":26},"end":{"line":141,"column":28}},"85":{"start":{"line":142,"column":12},"end":{"line":144,"column":13}},"86":{"start":{"line":143,"column":16},"end":{"line":143,"column":78}},"87":{"start":{"line":145,"column":12},"end":{"line":147,"column":13}},"88":{"start":{"line":146,"column":16},"end":{"line":146,"column":83}},"89":{"start":{"line":148,"column":31},"end":{"line":148,"column":53}},"90":{"start":{"line":149,"column":12},"end":{"line":151,"column":13}},"91":{"start":{"line":150,"column":16},"end":{"line":150,"column":81}},"92":{"start":{"line":150,"column":40},"end":{"line":150,"column":78}},"93":{"start":{"line":152,"column":12},"end":{"line":152,"column":65}},"94":{"start":{"line":155,"column":12},"end":{"line":157,"column":13}},"95":{"start":{"line":156,"column":16},"end":{"line":156,"column":92}},"96":{"start":{"line":158,"column":12},"end":{"line":158,"column":24}},"97":{"start":{"line":162,"column":8},"end":{"line":169,"column":11}},"98":{"start":{"line":163,"column":27},"end":{"line":163,"column":29}},"99":{"start":{"line":164,"column":12},"end":{"line":167,"column":13}},"100":{"start":{"line":165,"column":30},"end":{"line":165,"column":50}},"101":{"start":{"line":166,"column":16},"end":{"line":166,"column":48}},"102":{"start":{"line":168,"column":12},"end":{"line":168,"column":26}},"103":{"start":{"line":172,"column":8},"end":{"line":201,"column":9}},"104":{"start":{"line":173,"column":12},"end":{"line":176,"column":13}},"105":{"start":{"line":174,"column":32},"end":{"line":174,"column":72}},"106":{"start":{"line":175,"column":16},"end":{"line":175,"column":79}},"107":{"start":{"line":175,"column":51},"end":{"line":175,"column":77}},"108":{"start":{"line":177,"column":12},"end":{"line":185,"column":13}},"109":{"start":{"line":178,"column":16},"end":{"line":184,"column":17}},"110":{"start":{"line":179,"column":32},"end":{"line":179,"column":39}},"111":{"start":{"line":180,"column":20},"end":{"line":182,"column":21}},"112":{"start":{"line":181,"column":24},"end":{"line":181,"column":73}},"113":{"start":{"line":183,"column":20},"end":{"line":183,"column":35}},"114":{"start":{"line":186,"column":12},"end":{"line":196,"column":13}},"115":{"start":{"line":187,"column":16},"end":{"line":195,"column":17}},"116":{"start":{"line":188,"column":31},"end":{"line":188,"column":37}},"117":{"start":{"line":189,"column":37},"end":{"line":189,"column":39}},"118":{"start":{"line":190,"column":20},"end":{"line":193,"column":21}},"119":{"start":{"line":191,"column":49},"end":{"line":191,"column":138}},"120":{"start":{"line":191,"column":108},"end":{"line":191,"column":137}},"121":{"start":{"line":192,"column":24},"end":{"line":192,"column":73}},"122":{"start":{"line":194,"column":20},"end":{"line":194,"column":38}},"123":{"start":{"line":197,"column":12},"end":{"line":199,"column":13}},"124":{"start":{"line":198,"column":16},"end":{"line":198,"column":31}},"125":{"start":{"line":200,"column":12},"end":{"line":200,"column":50}},"126":{"start":{"line":202,"column":8},"end":{"line":202,"column":18}},"127":{"start":{"line":205,"column":8},"end":{"line":212,"column":9}},"128":{"start":{"line":207,"column":16},"end":{"line":207,"column":34}},"129":{"start":{"line":209,"column":16},"end":{"line":209,"column":36}},"130":{"start":{"line":211,"column":16},"end":{"line":211,"column":34}},"131":{"start":{"line":213,"column":8},"end":{"line":213,"column":76}},"132":{"start":{"line":216,"column":8},"end":{"line":241,"column":9}},"133":{"start":{"line":217,"column":24},"end":{"line":217,"column":28}},"134":{"start":{"line":218,"column":23},"end":{"line":218,"column":25}},"135":{"start":{"line":219,"column":12},"end":{"line":222,"column":13}},"136":{"start":{"line":220,"column":16},"end":{"line":220,"column":31}},"137":{"start":{"line":221,"column":16},"end":{"line":221,"column":28}},"138":{"start":{"line":223,"column":12},"end":{"line":226,"column":13}},"139":{"start":{"line":224,"column":16},"end":{"line":224,"column":31}},"140":{"start":{"line":225,"column":16},"end":{"line":225,"column":28}},"141":{"start":{"line":227,"column":12},"end":{"line":230,"column":13}},"142":{"start":{"line":228,"column":16},"end":{"line":228,"column":31}},"143":{"start":{"line":229,"column":16},"end":{"line":229,"column":28}},"144":{"start":{"line":231,"column":12},"end":{"line":240,"column":13}},"145":{"start":{"line":232,"column":29},"end":{"line":232,"column":64}},"146":{"start":{"line":233,"column":29},"end":{"line":233,"column":52}},"147":{"start":{"line":234,"column":16},"end":{"line":239,"column":17}},"148":{"start":{"line":235,"column":20},"end":{"line":235,"column":101}},"149":{"start":{"line":235,"column":55},"end":{"line":235,"column":99}},"150":{"start":{"line":238,"column":20},"end":{"line":238,"column":78}},"151":{"start":{"line":242,"column":8},"end":{"line":242,"column":18}},"152":{"start":{"line":245,"column":8},"end":{"line":264,"column":9}},"153":{"start":{"line":246,"column":12},"end":{"line":262,"column":13}},"154":{"start":{"line":247,"column":30},"end":{"line":247,"column":36}},"155":{"start":{"line":248,"column":16},"end":{"line":261,"column":17}},"156":{"start":{"line":249,"column":33},"end":{"line":249,"column":68}},"157":{"start":{"line":250,"column":31},"end":{"line":250,"column":54}},"158":{"start":{"line":251,"column":20},"end":{"line":260,"column":21}},"159":{"start":{"line":252,"column":24},"end":{"line":252,"column":70}},"160":{"start":{"line":253,"column":38},"end":{"line":253,"column":54}},"161":{"start":{"line":254,"column":24},"end":{"line":256,"column":27}},"162":{"start":{"line":255,"column":28},"end":{"line":255,"column":61}},"163":{"start":{"line":259,"column":24},"end":{"line":259,"column":82}},"164":{"start":{"line":263,"column":12},"end":{"line":263,"column":49}},"165":{"start":{"line":265,"column":8},"end":{"line":265,"column":18}},"166":{"start":{"line":268,"column":25},"end":{"line":268,"column":27}},"167":{"start":{"line":269,"column":20},"end":{"line":269,"column":22}},"168":{"start":{"line":270,"column":24},"end":{"line":270,"column":26}},"169":{"start":{"line":271,"column":8},"end":{"line":275,"column":9}},"170":{"start":{"line":272,"column":23},"end":{"line":272,"column":45}},"171":{"start":{"line":273,"column":12},"end":{"line":273,"column":25}},"172":{"start":{"line":274,"column":12},"end":{"line":274,"column":46}},"173":{"start":{"line":276,"column":25},"end":{"line":276,"column":51}},"174":{"start":{"line":277,"column":8},"end":{"line":292,"column":9}},"175":{"start":{"line":277,"column":21},"end":{"line":277,"column":22}},"176":{"start":{"line":278,"column":25},"end":{"line":278,"column":36}},"177":{"start":{"line":280,"column":12},"end":{"line":285,"column":13}},"178":{"start":{"line":281,"column":16},"end":{"line":281,"column":65}},"179":{"start":{"line":284,"column":16},"end":{"line":284,"column":68}},"180":{"start":{"line":286,"column":28},"end":{"line":290,"column":13}},"181":{"start":{"line":291,"column":12},"end":{"line":291,"column":35}},"182":{"start":{"line":293,"column":8},"end":{"line":293,"column":24}},"183":{"start":{"line":296,"column":0},"end":{"line":296,"column":32}}},"fnMap":{"0":{"name":"(anonymous_0)","decl":{"start":{"line":2,"column":56},"end":{"line":2,"column":57}},"loc":{"start":{"line":2,"column":71},"end":{"line":4,"column":1}},"line":2},"1":{"name":"(anonymous_1)","decl":{"start":{"line":16,"column":4},"end":{"line":16,"column":5}},"loc":{"start":{"line":16,"column":25},"end":{"line":37,"column":5}},"line":16},"2":{"name":"(anonymous_2)","decl":{"start":{"line":38,"column":4},"end":{"line":38,"column":5}},"loc":{"start":{"line":38,"column":40},"end":{"line":75,"column":5}},"line":38},"3":{"name":"(anonymous_3)","decl":{"start":{"line":76,"column":4},"end":{"line":76,"column":5}},"loc":{"start":{"line":76,"column":18},"end":{"line":78,"column":5}},"line":76},"4":{"name":"(anonymous_4)","decl":{"start":{"line":79,"column":4},"end":{"line":79,"column":5}},"loc":{"start":{"line":79,"column":28},"end":{"line":95,"column":5}},"line":79},"5":{"name":"(anonymous_5)","decl":{"start":{"line":96,"column":4},"end":{"line":96,"column":5}},"loc":{"start":{"line":96,"column":42},"end":{"line":127,"column":5}},"line":96},"6":{"name":"(anonymous_6)","decl":{"start":{"line":128,"column":4},"end":{"line":128,"column":5}},"loc":{"start":{"line":128,"column":30},"end":{"line":160,"column":5}},"line":128},"7":{"name":"(anonymous_7)","decl":{"start":{"line":150,"column":29},"end":{"line":150,"column":30}},"loc":{"start":{"line":150,"column":40},"end":{"line":150,"column":78}},"line":150},"8":{"name":"(anonymous_8)","decl":{"start":{"line":161,"column":4},"end":{"line":161,"column":5}},"loc":{"start":{"line":161,"column":33},"end":{"line":170,"column":5}},"line":161},"9":{"name":"(anonymous_9)","decl":{"start":{"line":162,"column":27},"end":{"line":162,"column":28}},"loc":{"start":{"line":162,"column":40},"end":{"line":169,"column":9}},"line":162},"10":{"name":"(anonymous_10)","decl":{"start":{"line":171,"column":4},"end":{"line":171,"column":5}},"loc":{"start":{"line":171,"column":36},"end":{"line":203,"column":5}},"line":171},"11":{"name":"(anonymous_11)","decl":{"start":{"line":175,"column":38},"end":{"line":175,"column":39}},"loc":{"start":{"line":175,"column":51},"end":{"line":175,"column":77}},"line":175},"12":{"name":"(anonymous_12)","decl":{"start":{"line":191,"column":95},"end":{"line":191,"column":96}},"loc":{"start":{"line":191,"column":108},"end":{"line":191,"column":137}},"line":191},"13":{"name":"(anonymous_13)","decl":{"start":{"line":204,"column":4},"end":{"line":204,"column":5}},"loc":{"start":{"line":204,"column":34},"end":{"line":214,"column":5}},"line":204},"14":{"name":"(anonymous_14)","decl":{"start":{"line":215,"column":4},"end":{"line":215,"column":5}},"loc":{"start":{"line":215,"column":29},"end":{"line":243,"column":5}},"line":215},"15":{"name":"(anonymous_15)","decl":{"start":{"line":235,"column":42},"end":{"line":235,"column":43}},"loc":{"start":{"line":235,"column":55},"end":{"line":235,"column":99}},"line":235},"16":{"name":"(anonymous_16)","decl":{"start":{"line":244,"column":4},"end":{"line":244,"column":5}},"loc":{"start":{"line":244,"column":30},"end":{"line":266,"column":5}},"line":244},"17":{"name":"(anonymous_17)","decl":{"start":{"line":254,"column":46},"end":{"line":254,"column":47}},"loc":{"start":{"line":254,"column":59},"end":{"line":256,"column":25}},"line":254},"18":{"name":"(anonymous_18)","decl":{"start":{"line":267,"column":4},"end":{"line":267,"column":5}},"loc":{"start":{"line":267,"column":25},"end":{"line":294,"column":5}},"line":267}},"branchMap":{"0":{"loc":{"start":{"line":2,"column":22},"end":{"line":4,"column":1}},"type":"binary-expr","locations":[{"start":{"line":2,"column":23},"end":{"line":2,"column":27}},{"start":{"line":2,"column":31},"end":{"line":2,"column":51}},{"start":{"line":2,"column":56},"end":{"line":4,"column":1}}],"line":2},"1":{"loc":{"start":{"line":3,"column":11},"end":{"line":3,"column":61}},"type":"cond-expr","locations":[{"start":{"line":3,"column":37},"end":{"line":3,"column":40}},{"start":{"line":3,"column":43},"end":{"line":3,"column":61}}],"line":3},"2":{"loc":{"start":{"line":3,"column":12},"end":{"line":3,"column":33}},"type":"binary-expr","locations":[{"start":{"line":3,"column":12},"end":{"line":3,"column":15}},{"start":{"line":3,"column":19},"end":{"line":3,"column":33}}],"line":3},"3":{"loc":{"start":{"line":17,"column":8},"end":{"line":22,"column":9}},"type":"if","locations":[{"start":{"line":17,"column":8},"end":{"line":22,"column":9}},{"start":{"line":17,"column":8},"end":{"line":22,"column":9}}],"line":17},"4":{"loc":{"start":{"line":19,"column":12},"end":{"line":21,"column":13}},"type":"if","locations":[{"start":{"line":19,"column":12},"end":{"line":21,"column":13}},{"start":{"line":19,"column":12},"end":{"line":21,"column":13}}],"line":19},"5":{"loc":{"start":{"line":25,"column":12},"end":{"line":30,"column":13}},"type":"if","locations":[{"start":{"line":25,"column":12},"end":{"line":30,"column":13}},{"start":{"line":25,"column":12},"end":{"line":30,"column":13}}],"line":25},"6":{"loc":{"start":{"line":26,"column":16},"end":{"line":29,"column":17}},"type":"if","locations":[{"start":{"line":26,"column":16},"end":{"line":29,"column":17}},{"start":{"line":26,"column":16},"end":{"line":29,"column":17}}],"line":26},"7":{"loc":{"start":{"line":26,"column":20},"end":{"line":26,"column":68}},"type":"binary-expr","locations":[{"start":{"line":26,"column":20},"end":{"line":26,"column":37}},{"start":{"line":26,"column":41},"end":{"line":26,"column":68}}],"line":26},"8":{"loc":{"start":{"line":40,"column":12},"end":{"line":42,"column":13}},"type":"if","locations":[{"start":{"line":40,"column":12},"end":{"line":42,"column":13}},{"start":{"line":40,"column":12},"end":{"line":42,"column":13}}],"line":40},"9":{"loc":{"start":{"line":47,"column":16},"end":{"line":49,"column":17}},"type":"if","locations":[{"start":{"line":47,"column":16},"end":{"line":49,"column":17}},{"start":{"line":47,"column":16},"end":{"line":49,"column":17}}],"line":47},"10":{"loc":{"start":{"line":52,"column":12},"end":{"line":54,"column":13}},"type":"if","locations":[{"start":{"line":52,"column":12},"end":{"line":54,"column":13}},{"start":{"line":52,"column":12},"end":{"line":54,"column":13}}],"line":52},"11":{"loc":{"start":{"line":52,"column":16},"end":{"line":52,"column":77}},"type":"binary-expr","locations":[{"start":{"line":52,"column":16},"end":{"line":52,"column":37}},{"start":{"line":52,"column":41},"end":{"line":52,"column":77}}],"line":52},"12":{"loc":{"start":{"line":56,"column":12},"end":{"line":64,"column":13}},"type":"if","locations":[{"start":{"line":56,"column":12},"end":{"line":64,"column":13}},{"start":{"line":56,"column":12},"end":{"line":64,"column":13}}],"line":56},"13":{"loc":{"start":{"line":59,"column":17},"end":{"line":64,"column":13}},"type":"if","locations":[{"start":{"line":59,"column":17},"end":{"line":64,"column":13}},{"start":{"line":59,"column":17},"end":{"line":64,"column":13}}],"line":59},"14":{"loc":{"start":{"line":65,"column":12},"end":{"line":67,"column":13}},"type":"if","locations":[{"start":{"line":65,"column":12},"end":{"line":67,"column":13}},{"start":{"line":65,"column":12},"end":{"line":67,"column":13}}],"line":65},"15":{"loc":{"start":{"line":77,"column":15},"end":{"line":77,"column":57}},"type":"binary-expr","locations":[{"start":{"line":77,"column":15},"end":{"line":77,"column":33}},{"start":{"line":77,"column":37},"end":{"line":77,"column":57}}],"line":77},"16":{"loc":{"start":{"line":80,"column":8},"end":{"line":82,"column":9}},"type":"if","locations":[{"start":{"line":80,"column":8},"end":{"line":82,"column":9}},{"start":{"line":80,"column":8},"end":{"line":82,"column":9}}],"line":80},"17":{"loc":{"start":{"line":85,"column":8},"end":{"line":87,"column":9}},"type":"if","locations":[{"start":{"line":85,"column":8},"end":{"line":87,"column":9}},{"start":{"line":85,"column":8},"end":{"line":87,"column":9}}],"line":85},"18":{"loc":{"start":{"line":85,"column":12},"end":{"line":85,"column":44}},"type":"binary-expr","locations":[{"start":{"line":85,"column":12},"end":{"line":85,"column":25}},{"start":{"line":85,"column":29},"end":{"line":85,"column":44}}],"line":85},"19":{"loc":{"start":{"line":88,"column":8},"end":{"line":90,"column":9}},"type":"if","locations":[{"start":{"line":88,"column":8},"end":{"line":90,"column":9}},{"start":{"line":88,"column":8},"end":{"line":90,"column":9}}],"line":88},"20":{"loc":{"start":{"line":91,"column":8},"end":{"line":93,"column":9}},"type":"if","locations":[{"start":{"line":91,"column":8},"end":{"line":93,"column":9}},{"start":{"line":91,"column":8},"end":{"line":93,"column":9}}],"line":91},"21":{"loc":{"start":{"line":100,"column":8},"end":{"line":125,"column":9}},"type":"if","locations":[{"start":{"line":100,"column":8},"end":{"line":125,"column":9}},{"start":{"line":100,"column":8},"end":{"line":125,"column":9}}],"line":100},"22":{"loc":{"start":{"line":100,"column":12},"end":{"line":100,"column":59}},"type":"binary-expr","locations":[{"start":{"line":100,"column":12},"end":{"line":100,"column":39}},{"start":{"line":100,"column":43},"end":{"line":100,"column":59}}],"line":100},"23":{"loc":{"start":{"line":101,"column":12},"end":{"line":110,"column":13}},"type":"if","locations":[{"start":{"line":101,"column":12},"end":{"line":110,"column":13}},{"start":{"line":101,"column":12},"end":{"line":110,"column":13}}],"line":101},"24":{"loc":{"start":{"line":111,"column":12},"end":{"line":124,"column":13}},"type":"if","locations":[{"start":{"line":111,"column":12},"end":{"line":124,"column":13}},{"start":{"line":111,"column":12},"end":{"line":124,"column":13}}],"line":111},"25":{"loc":{"start":{"line":113,"column":16},"end":{"line":123,"column":17}},"type":"if","locations":[{"start":{"line":113,"column":16},"end":{"line":123,"column":17}},{"start":{"line":113,"column":16},"end":{"line":123,"column":17}}],"line":113},"26":{"loc":{"start":{"line":114,"column":20},"end":{"line":119,"column":21}},"type":"if","locations":[{"start":{"line":114,"column":20},"end":{"line":119,"column":21}},{"start":{"line":114,"column":20},"end":{"line":119,"column":21}}],"line":114},"27":{"loc":{"start":{"line":132,"column":12},"end":{"line":134,"column":13}},"type":"if","locations":[{"start":{"line":132,"column":12},"end":{"line":134,"column":13}},{"start":{"line":132,"column":12},"end":{"line":134,"column":13}}],"line":132},"28":{"loc":{"start":{"line":135,"column":12},"end":{"line":138,"column":13}},"type":"if","locations":[{"start":{"line":135,"column":12},"end":{"line":138,"column":13}},{"start":{"line":135,"column":12},"end":{"line":138,"column":13}}],"line":135},"29":{"loc":{"start":{"line":135,"column":16},"end":{"line":135,"column":92}},"type":"binary-expr","locations":[{"start":{"line":135,"column":16},"end":{"line":135,"column":41}},{"start":{"line":135,"column":45},"end":{"line":135,"column":50}},{"start":{"line":135,"column":54},"end":{"line":135,"column":70}},{"start":{"line":135,"column":74},"end":{"line":135,"column":92}}],"line":135},"30":{"loc":{"start":{"line":142,"column":12},"end":{"line":144,"column":13}},"type":"if","locations":[{"start":{"line":142,"column":12},"end":{"line":144,"column":13}},{"start":{"line":142,"column":12},"end":{"line":144,"column":13}}],"line":142},"31":{"loc":{"start":{"line":145,"column":12},"end":{"line":147,"column":13}},"type":"if","locations":[{"start":{"line":145,"column":12},"end":{"line":147,"column":13}},{"start":{"line":145,"column":12},"end":{"line":147,"column":13}}],"line":145},"32":{"loc":{"start":{"line":149,"column":12},"end":{"line":151,"column":13}},"type":"if","locations":[{"start":{"line":149,"column":12},"end":{"line":151,"column":13}},{"start":{"line":149,"column":12},"end":{"line":151,"column":13}}],"line":149},"33":{"loc":{"start":{"line":150,"column":40},"end":{"line":150,"column":78}},"type":"cond-expr","locations":[{"start":{"line":150,"column":72},"end":{"line":150,"column":74}},{"start":{"line":150,"column":77},"end":{"line":150,"column":78}}],"line":150},"34":{"loc":{"start":{"line":155,"column":12},"end":{"line":157,"column":13}},"type":"if","locations":[{"start":{"line":155,"column":12},"end":{"line":157,"column":13}},{"start":{"line":155,"column":12},"end":{"line":157,"column":13}}],"line":155},"35":{"loc":{"start":{"line":172,"column":8},"end":{"line":201,"column":9}},"type":"if","locations":[{"start":{"line":172,"column":8},"end":{"line":201,"column":9}},{"start":{"line":172,"column":8},"end":{"line":201,"column":9}}],"line":172},"36":{"loc":{"start":{"line":172,"column":12},"end":{"line":172,"column":51}},"type":"binary-expr","locations":[{"start":{"line":172,"column":12},"end":{"line":172,"column":35}},{"start":{"line":172,"column":39},"end":{"line":172,"column":51}}],"line":172},"37":{"loc":{"start":{"line":173,"column":12},"end":{"line":176,"column":13}},"type":"if","locations":[{"start":{"line":173,"column":12},"end":{"line":176,"column":13}},{"start":{"line":173,"column":12},"end":{"line":176,"column":13}}],"line":173},"38":{"loc":{"start":{"line":177,"column":12},"end":{"line":185,"column":13}},"type":"if","locations":[{"start":{"line":177,"column":12},"end":{"line":185,"column":13}},{"start":{"line":177,"column":12},"end":{"line":185,"column":13}}],"line":177},"39":{"loc":{"start":{"line":178,"column":16},"end":{"line":184,"column":17}},"type":"if","locations":[{"start":{"line":178,"column":16},"end":{"line":184,"column":17}},{"start":{"line":178,"column":16},"end":{"line":184,"column":17}}],"line":178},"40":{"loc":{"start":{"line":186,"column":12},"end":{"line":196,"column":13}},"type":"if","locations":[{"start":{"line":186,"column":12},"end":{"line":196,"column":13}},{"start":{"line":186,"column":12},"end":{"line":196,"column":13}}],"line":186},"41":{"loc":{"start":{"line":187,"column":16},"end":{"line":195,"column":17}},"type":"if","locations":[{"start":{"line":187,"column":16},"end":{"line":195,"column":17}},{"start":{"line":187,"column":16},"end":{"line":195,"column":17}}],"line":187},"42":{"loc":{"start":{"line":197,"column":12},"end":{"line":199,"column":13}},"type":"if","locations":[{"start":{"line":197,"column":12},"end":{"line":199,"column":13}},{"start":{"line":197,"column":12},"end":{"line":199,"column":13}}],"line":197},"43":{"loc":{"start":{"line":205,"column":8},"end":{"line":212,"column":9}},"type":"switch","locations":[{"start":{"line":206,"column":12},"end":{"line":207,"column":34}},{"start":{"line":208,"column":12},"end":{"line":209,"column":36}},{"start":{"line":210,"column":12},"end":{"line":211,"column":34}}],"line":205},"44":{"loc":{"start":{"line":216,"column":8},"end":{"line":241,"column":9}},"type":"if","locations":[{"start":{"line":216,"column":8},"end":{"line":241,"column":9}},{"start":{"line":216,"column":8},"end":{"line":241,"column":9}}],"line":216},"45":{"loc":{"start":{"line":216,"column":12},"end":{"line":216,"column":51}},"type":"binary-expr","locations":[{"start":{"line":216,"column":12},"end":{"line":216,"column":35}},{"start":{"line":216,"column":39},"end":{"line":216,"column":51}}],"line":216},"46":{"loc":{"start":{"line":219,"column":12},"end":{"line":222,"column":13}},"type":"if","locations":[{"start":{"line":219,"column":12},"end":{"line":222,"column":13}},{"start":{"line":219,"column":12},"end":{"line":222,"column":13}}],"line":219},"47":{"loc":{"start":{"line":223,"column":12},"end":{"line":226,"column":13}},"type":"if","locations":[{"start":{"line":223,"column":12},"end":{"line":226,"column":13}},{"start":{"line":223,"column":12},"end":{"line":226,"column":13}}],"line":223},"48":{"loc":{"start":{"line":227,"column":12},"end":{"line":230,"column":13}},"type":"if","locations":[{"start":{"line":227,"column":12},"end":{"line":230,"column":13}},{"start":{"line":227,"column":12},"end":{"line":230,"column":13}}],"line":227},"49":{"loc":{"start":{"line":231,"column":12},"end":{"line":240,"column":13}},"type":"if","locations":[{"start":{"line":231,"column":12},"end":{"line":240,"column":13}},{"start":{"line":231,"column":12},"end":{"line":240,"column":13}}],"line":231},"50":{"loc":{"start":{"line":231,"column":16},"end":{"line":231,"column":59}},"type":"binary-expr","locations":[{"start":{"line":231,"column":16},"end":{"line":231,"column":41}},{"start":{"line":231,"column":45},"end":{"line":231,"column":59}}],"line":231},"51":{"loc":{"start":{"line":245,"column":8},"end":{"line":264,"column":9}},"type":"if","locations":[{"start":{"line":245,"column":8},"end":{"line":264,"column":9}},{"start":{"line":245,"column":8},"end":{"line":264,"column":9}}],"line":245},"52":{"loc":{"start":{"line":245,"column":12},"end":{"line":245,"column":51}},"type":"binary-expr","locations":[{"start":{"line":245,"column":12},"end":{"line":245,"column":35}},{"start":{"line":245,"column":39},"end":{"line":245,"column":51}}],"line":245},"53":{"loc":{"start":{"line":246,"column":12},"end":{"line":262,"column":13}},"type":"if","locations":[{"start":{"line":246,"column":12},"end":{"line":262,"column":13}},{"start":{"line":246,"column":12},"end":{"line":262,"column":13}}],"line":246},"54":{"loc":{"start":{"line":248,"column":16},"end":{"line":261,"column":17}},"type":"if","locations":[{"start":{"line":248,"column":16},"end":{"line":261,"column":17}},{"start":{"line":248,"column":16},"end":{"line":261,"column":17}}],"line":248},"55":{"loc":{"start":{"line":248,"column":20},"end":{"line":248,"column":63}},"type":"binary-expr","locations":[{"start":{"line":248,"column":20},"end":{"line":248,"column":45}},{"start":{"line":248,"column":49},"end":{"line":248,"column":63}}],"line":248},"56":{"loc":{"start":{"line":280,"column":12},"end":{"line":285,"column":13}},"type":"if","locations":[{"start":{"line":280,"column":12},"end":{"line":285,"column":13}},{"start":{"line":280,"column":12},"end":{"line":285,"column":13}}],"line":280},"57":{"loc":{"start":{"line":280,"column":16},"end":{"line":280,"column":68}},"type":"binary-expr","locations":[{"start":{"line":280,"column":16},"end":{"line":280,"column":31}},{"start":{"line":280,"column":35},"end":{"line":280,"column":68}}],"line":280}},"s":{"0":1,"1":3,"2":1,"3":1,"4":1,"5":1,"6":1,"7":1,"8":47,"9":1,"10":1,"11":1,"12":34,"13":30,"14":30,"15":30,"16":4,"17":4,"18":4,"19":4,"20":4,"21":4,"22":0,"23":0,"24":0,"25":50,"26":50,"27":3,"28":47,"29":47,"30":9,"31":0,"32":47,"33":47,"34":2,"35":45,"36":40,"37":5,"38":5,"39":0,"40":26,"41":0,"42":26,"43":26,"44":26,"45":24,"46":60,"47":10,"48":2,"49":8,"50":8,"51":8,"52":2,"53":6,"54":6,"55":6,"56":5,"57":6,"58":22,"59":22,"60":22,"61":22,"62":22,"63":22,"64":22,"65":22,"66":22,"67":0,"68":22,"69":21,"70":21,"71":21,"72":21,"73":0,"74":0,"75":22,"76":43,"77":43,"78":21,"79":22,"80":22,"81":22,"82":22,"83":22,"84":22,"85":22,"86":22,"87":22,"88":1,"89":21,"90":21,"91":20,"92":18686,"93":21,"94":22,"95":0,"96":22,"97":21,"98":2651,"99":2651,"100":6333,"101":6333,"102":2651,"103":27,"104":27,"105":1,"106":1,"107":64612,"108":26,"109":1,"110":1,"111":1,"112":2,"113":1,"114":25,"115":1,"116":1,"117":1,"118":1,"119":2,"120":15,"121":2,"122":1,"123":24,"124":1,"125":23,"126":0,"127":969180,"128":193836,"129":193836,"130":581508,"131":0,"132":15,"133":15,"134":15,"135":15,"136":3,"137":3,"138":15,"139":9,"140":9,"141":15,"142":3,"143":3,"144":15,"145":15,"146":15,"147":15,"148":15,"149":969180,"150":0,"151":0,"152":23,"153":23,"154":8,"155":8,"156":8,"157":8,"158":8,"159":8,"160":8,"161":8,"162":387722,"163":0,"164":15,"165":0,"166":12,"167":12,"168":12,"169":12,"170":12,"171":12,"172":12,"173":11,"174":11,"175":11,"176":12,"177":12,"178":0,"179":12,"180":12,"181":12,"182":11,"183":1},"f":{"0":3,"1":34,"2":50,"3":60,"4":10,"5":22,"6":43,"7":18686,"8":21,"9":2651,"10":27,"11":64612,"12":15,"13":969180,"14":15,"15":969180,"16":23,"17":387722,"18":12},"b":{"0":[1,1,1],"1":[2,1],"2":[3,3],"3":[30,4],"4":[30,0],"5":[4,0],"6":[4,0],"7":[4,4],"8":[3,47],"9":[0,9],"10":[2,45],"11":[47,46],"12":[40,5],"13":[5,0],"14":[0,26],"15":[60,57],"16":[2,8],"17":[2,6],"18":[8,3],"19":[6,0],"20":[5,1],"21":[22,0],"22":[22,22],"23":[22,0],"24":[21,1],"25":[21,0],"26":[21,0],"27":[21,22],"28":[22,0],"29":[22,22,22,22],"30":[22,0],"31":[1,21],"32":[20,1],"33":[9833,8853],"34":[0,22],"35":[27,0],"36":[27,27],"37":[1,26],"38":[1,25],"39":[1,0],"40":[1,24],"41":[1,0],"42":[1,23],"43":[193836,193836,581508],"44":[15,0],"45":[15,15],"46":[3,12],"47":[9,6],"48":[3,12],"49":[15,0],"50":[15,15],"51":[23,0],"52":[23,23],"53":[8,15],"54":[8,0],"55":[8,8],"56":[0,12],"57":[12,12]},"inputSourceMap":{"version":3,"file":"/Users/oltimaloku/Documents/School/Year4/CPSC-310/project_team055/src/controller/InsightFacade.ts","sources":["/Users/oltimaloku/Documents/School/Year4/CPSC-310/project_team055/src/controller/InsightFacade.ts"],"names":[],"mappings":";;;;;AAAA,wDAA0B;AAC1B,qDAQ0B;AAE1B,2DAA2G;AAC3G,0EAAkD;AAClD,kDAA0B;AAO1B,MAAqB,aAAa;IACzB,QAAQ,GAAoC,IAAI,GAAG,EAA8B,CAAC;IAClF,MAAM,CAAU,OAAO,GAAG,2BAAO,CAAC;IAClC,MAAM,CAAU,OAAO,GAAG,2BAAO,CAAC;IAClC,MAAM,CAAU,WAAW,GAAG,IAAI,CAAC;IAEpC,KAAK,CAAC,UAAU,CAAC,EAAU;QACjC,IAAI,IAAI,CAAC,QAAQ,CAAC,GAAG,CAAC,EAAE,CAAC,EAAE;YAC1B,MAAM,UAAU,GAAG,IAAI,CAAC,QAAQ,CAAC,GAAG,CAAC,EAAE,CAAC,CAAC;YACzC,IAAI,OAAO,UAAU,KAAK,WAAW,EAAE;gBACtC,OAAO,UAAU,CAAC;aAClB;SACD;QACD,IAAI;YACH,MAAM,MAAM,GAAQ,MAAM,kBAAE,CAAC,QAAQ,CAAC,GAAG,SAAS,eAAe,EAAE,OAAO,CAAC,CAAC;YAC5E,IAAI,KAAK,CAAC,OAAO,CAAC,MAAM,CAAC,EAAE;gBAC1B,IAAI,MAAM,CAAC,MAAM,GAAG,CAAC,IAAI,MAAM,CAAC,CAAC,CAAC,YAAY,MAAM,EAAE;oBACrD,IAAI,CAAC,QAAQ,CAAC,GAAG,CAAC,EAAE,EAAE,MAAM,CAAC,CAAC;oBAC9B,OAAO,MAAM,CAAC;iBACd;aACD;YACD,MAAM,IAAI,8BAAa,CAAC,qBAAqB,CAAC,CAAC;SAC/C;QAAC,OAAO,MAAM,EAAE;YAChB,MAAM,IAAI,8BAAa,CAAC,gBAAgB,CAAC,CAAC;SAC1C;QACD,OAAO,EAAE,CAAC;IACX,CAAC;IAEM,KAAK,CAAC,UAAU,CAAC,EAAU,EAAE,OAAe,EAAE,IAAwB;QAC5E,IAAI;YACH,IAAI,CAAC,IAAI,CAAC,SAAS,CAAC,EAAE,CAAC,EAAE;gBACxB,MAAM,IAAI,6BAAY,CAAC,YAAY,CAAC,CAAC;aACrC;YACD,IAAI;gBACH,MAAM,kBAAE,CAAC,KAAK,CAAC,GAAG,SAAS,aAAa,CAAC,CAAC;aAC1C;YAAC,OAAO,KAAU,EAAE;gBACpB,IAAI,CAAC,CAAC,KAAK,CAAC,IAAI,KAAK,QAAQ,CAAC,EAAE;oBAC/B,MAAM,KAAK,CAAC;iBACZ;aACD;YAED,MAAM,aAAa,GAAa,MAAM,kBAAE,CAAC,OAAO,CAAC,GAAG,SAAS,aAAa,CAAC,CAAC;YAC5E,IAAI,IAAI,CAAC,QAAQ,CAAC,GAAG,CAAC,EAAE,CAAC,IAAI,aAAa,CAAC,QAAQ,CAAC,GAAG,EAAE,OAAO,CAAC,EAAE;gBAClE,MAAM,IAAI,6BAAY,CAAC,wBAAwB,CAAC,CAAC;aACjD;YAED,IAAI,gBAAoC,CAAC;YACzC,IAAI,IAAI,KAAK,mCAAkB,CAAC,QAAQ,EAAE;gBACzC,gBAAgB,GAAG,MAAM,0BAAgB,CAAC,sBAAsB,CAAC,OAAO,CAAC,CAAC;aAC1E;iBAAM,IAAI,IAAI,KAAK,mCAAkB,CAAC,KAAK,EAAE;gBAC7C,gBAAgB,GAAG,MAAM,0BAAgB,CAAC,mBAAmB,CAAC,OAAO,CAAC,CAAC;aACvE;iBAAM;gBACN,MAAM,IAAI,6BAAY,CAAC,0BAA0B,CAAC,CAAC;aACnD;YAED,IAAI,gBAAgB,CAAC,MAAM,KAAK,CAAC,EAAE;gBAClC,MAAM,IAAI,6BAAY,CAAC,gCAAgC,CAAC,CAAC;aACzD;YAED,IAAI,CAAC,QAAQ,CAAC,GAAG,CAAC,EAAE,EAAE,gBAAgB,CAAC,CAAC;YACxC,MAAM,kBAAE,CAAC,SAAS,CAAC,GAAG,SAAS,eAAe,EAAE,OAAO,EAAE,gBAAgB,CAAC,CAAC;YAC3E,OAAO,KAAK,CAAC,IAAI,CAAC,IAAI,CAAC,QAAQ,CAAC,IAAI,EAAE,CAAC,CAAC;SACxC;QAAC,OAAO,KAAK,EAAE;YACf,MAAM,IAAI,6BAAY,CAAC,sBAAsB,GAAG,KAAK,CAAC,CAAC;SACvD;IACF,CAAC;IAEO,SAAS,CAAC,EAAU;QAC3B,OAAO,SAAS,CAAC,IAAI,CAAC,EAAE,CAAC,IAAI,EAAE,CAAC,IAAI,EAAE,CAAC,MAAM,GAAG,CAAC,CAAC;IACnD,CAAC;IAEM,KAAK,CAAC,aAAa,CAAC,EAAU;QACpC,IAAI,CAAC,IAAI,CAAC,SAAS,CAAC,EAAE,CAAC,EAAE;YACxB,MAAM,IAAI,6BAAY,CAAC,YAAY,CAAC,CAAC;SACrC;QAED,MAAM,YAAY,GAAG,MAAM,kBAAE,CAAC,UAAU,CAAC,GAAG,SAAS,eAAe,EAAE,OAAO,CAAC,CAAC;QAC/E,MAAM,cAAc,GAAG,IAAI,CAAC,QAAQ,CAAC,GAAG,CAAC,EAAE,CAAC,CAAC;QAC7C,IAAI,CAAC,YAAY,IAAI,CAAC,cAAc,EAAE;YACrC,MAAM,IAAI,8BAAa,CAAC,mBAAmB,CAAC,CAAC;SAC7C;QAED,IAAI,cAAc,EAAE;YACnB,IAAI,CAAC,QAAQ,CAAC,MAAM,CAAC,EAAE,CAAC,CAAC;SACzB;QAED,IAAI,YAAY,EAAE;YACjB,MAAM,kBAAE,CAAC,MAAM,CAAC,GAAG,SAAS,eAAe,EAAE,OAAO,CAAC,CAAC;SACtD;QAED,OAAO,EAAE,CAAC;IACX,CAAC;IAEM,UAAU,CAAC,OAAgB,EAAE,OAAiB,EAAE,OAAiB;QACvE,IAAI,MAAM,GAAG,EAAE,CAAC;QAChB,IAAI,UAAU,GAAG,EAAE,CAAC;QACpB,IAAI,OAAO,GAAa,EAAE,CAAC;QAC3B,IAAI,OAAO,OAAO,KAAK,QAAQ,IAAI,OAAO,KAAK,IAAI,EAAE;YACpD,IAAI,SAAS,IAAI,OAAO,EAAE;gBACzB,MAAM,IAAI,GAAG,OAAO,CAAC,OAAO,CAAC;gBAC7B,IAAI;oBACH,OAAO,GAAG,IAAA,gCAAY,EAAC,IAAI,EAAE,OAAO,EAAE,OAAO,EAAE,EAAE,CAAC,CAAC;oBACnD,MAAM,GAAG,OAAO,CAAC,CAAC,CAAC,CAAC,KAAK,CAAC,GAAG,CAAC,CAAC,CAAC,CAAC,CAAC;iBAClC;gBAAC,MAAM;oBACP,MAAM,IAAI,6BAAY,CAAC,SAAS,CAAC,CAAC;iBAClC;aACD;YACD,IAAI,OAAO,IAAI,OAAO,EAAE;gBACvB,MAAM,KAAK,GAAY,OAAO,CAAC,KAAK,CAAC;gBACrC,IAAI,OAAO,KAAK,KAAK,QAAQ,EAAE;oBAC9B,IAAI,OAAO,CAAC,QAAQ,CAAC,KAAK,CAAC,EAAE;wBAC5B,UAAU,GAAG,KAAK,CAAC,KAAK,CAAC,GAAG,CAAC,CAAC,CAAC,CAAC,CAAC;qBACjC;yBAAM;wBACN,MAAM,IAAI,6BAAY,CAAC,qBAAqB,CAAC,CAAC;qBAC9C;iBACD;qBAAM;oBACN,MAAM,IAAI,6BAAY,CAAC,0BAA0B,CAAC,CAAC;iBACnD;aACD;SACD;QACD,OAAO,EAAE,MAAM,EAAE,MAAM,EAAE,OAAO,EAAE,OAAO,EAAE,UAAU,EAAE,UAAU,EAAE,CAAC;IACrE,CAAC;IAEM,KAAK,CAAC,YAAY,CAAC,KAAc;QACvC,IAAI;YACH,IAAI,KAAc,CAAC;YACnB,IAAI,OAAgB,CAAC;YAErB,IAAI,CAAC,IAAA,iCAAa,EAAC,KAAK,CAAC,EAAE;gBAC1B,MAAM,IAAI,6BAAY,CAAC,0BAA0B,CAAC,CAAC;aACnD;YAED,IAAI,OAAO,KAAK,KAAK,QAAQ,IAAI,KAAK,IAAI,OAAO,IAAI,KAAK,IAAI,SAAS,IAAI,KAAK,EAAE;gBACjF,KAAK,GAAG,KAAK,CAAC,KAAK,CAAC;gBACpB,OAAO,GAAG,KAAK,CAAC,OAAO,CAAC;aACxB;YAED,MAAM,WAAW,GAAiB,IAAI,CAAC,UAAU,CAAC,OAAO,EAAE,aAAa,CAAC,OAAO,EAAE,aAAa,CAAC,OAAO,CAAC,CAAC;YACzG,MAAM,QAAQ,GAAG,MAAM,IAAI,CAAC,UAAU,CAAC,WAAW,CAAC,MAAM,CAAC,CAAC;YAC3D,IAAI,OAAO,GAAc,EAAE,CAAC;YAE5B,IAAI,OAAO,QAAQ,KAAK,WAAW,EAAE;gBACpC,OAAO,GAAG,IAAI,CAAC,SAAS,CAAC,KAAK,EAAE,WAAW,CAAC,MAAM,EAAE,QAAQ,CAAC,CAAC;aAC9D;YAED,IAAI,OAAO,CAAC,MAAM,GAAG,aAAa,CAAC,WAAW,EAAE;gBAC/C,MAAM,IAAI,oCAAmB,CAAC,kBAAkB,CAAC,CAAC;aAClD;YAED,MAAM,UAAU,GAAW,WAAW,CAAC,UAAU,CAAC;YAClD,IAAI,UAAU,KAAK,EAAE,EAAE;gBACtB,OAAO,CAAC,IAAI,CAAC,CAAC,CAAC,EAAE,CAAC,EAAE,EAAE,CAAC,CAAC,CAAC,CAAC,UAA2B,CAAC,GAAG,CAAC,CAAC,UAA2B,CAAC,CAAC,CAAC,CAAC,CAAC,CAAC,CAAC,CAAC,CAAC,CAAC,CAAC,CAAC,CAAC;aACnG;YAED,OAAO,IAAI,CAAC,UAAU,CAAC,OAAO,EAAE,WAAW,CAAC,OAAO,CAAC,CAAC;SACrD;QAAC,OAAO,KAAK,EAAE;YAGf,IAAI,KAAK,YAAY,8BAAa,EAAE;gBACnC,MAAM,IAAI,6BAAY,CAAC,0BAA0B,GAAG,KAAK,CAAC,CAAC;aAC3D;YACD,MAAM,KAAK,CAAC;SACZ;IACF,CAAC;IAEO,UAAU,CAAC,OAAkB,EAAE,OAAiB;QACvD,OAAO,OAAO,CAAC,GAAG,CAAC,CAAC,OAAO,EAAE,EAAE;YAC9B,MAAM,MAAM,GAAkB,EAAE,CAAC;YACjC,KAAK,MAAM,MAAM,IAAI,OAAO,EAAE;gBAC7B,MAAM,KAAK,GAAG,MAAM,CAAC,KAAK,CAAC,GAAG,CAAC,CAAC,CAAC,CAAkB,CAAC;gBACpD,MAAM,CAAC,MAAM,CAAC,GAAG,OAAO,CAAC,KAAK,CAAC,CAAC;aAChC;YACD,OAAO,MAAM,CAAC;QACf,CAAC,CAAC,CAAC;IACJ,CAAC;IAEM,SAAS,CAAC,GAAY,EAAE,MAAc,EAAE,OAAY;QAC1D,IAAI,OAAO,GAAG,KAAK,QAAQ,IAAI,GAAG,KAAK,IAAI,EAAE;YAC5C,IAAI,KAAK,IAAI,GAAG,EAAE;gBACjB,MAAM,OAAO,GAAc,IAAI,CAAC,SAAS,CAAC,GAAG,CAAC,GAAG,EAAE,MAAM,EAAE,OAAO,CAAC,CAAC;gBACpE,OAAO,OAAO,CAAC,MAAM,CAAC,CAAC,OAAgB,EAAE,EAAE,CAAC,CAAC,OAAO,CAAC,QAAQ,CAAC,OAAO,CAAC,CAAC,CAAC;aACxE;YACD,IAAI,KAAK,IAAI,GAAG,EAAE;gBACjB,IAAI,KAAK,CAAC,OAAO,CAAC,GAAG,CAAC,GAAG,CAAC,EAAE;oBAC3B,MAAM,GAAG,GAAc,GAAG,CAAC,GAAG,CAAC;oBAC/B,KAAK,MAAM,KAAK,IAAI,GAAG,EAAE;wBACxB,OAAO,GAAG,IAAI,CAAC,SAAS,CAAC,KAAK,EAAE,MAAM,EAAE,OAAO,CAAC,CAAC;qBACjD;oBACD,OAAO,OAAO,CAAC;iBACf;aACD;YACD,IAAI,IAAI,IAAI,GAAG,EAAE;gBAChB,IAAI,KAAK,CAAC,OAAO,CAAC,GAAG,CAAC,EAAE,CAAC,EAAE;oBAC1B,MAAM,EAAE,GAAc,GAAG,CAAC,EAAE,CAAC;oBAC7B,IAAI,UAAU,GAAc,EAAE,CAAC;oBAC/B,KAAK,MAAM,KAAK,IAAI,EAAE,EAAE;wBACvB,MAAM,gBAAgB,GAAG,IAAI,CAAC,SAAS,CAAC,KAAK,EAAE,MAAM,EAAE,OAAO,CAAC,CAAC,MAAM,CACrE,CAAC,OAAgB,EAAE,EAAE,CAAC,CAAC,UAAU,CAAC,QAAQ,CAAC,OAAO,CAAC,CACnD,CAAC;wBAEF,UAAU,GAAG,UAAU,CAAC,MAAM,CAAC,gBAAgB,CAAC,CAAC;qBACjD;oBACD,OAAO,UAAU,CAAC;iBAClB;aACD;YACD,IAAI,IAAA,2BAAO,EAAC,GAAG,CAAC,EAAE;gBACjB,OAAO,OAAO,CAAC;aACf;YACD,OAAO,IAAI,CAAC,WAAW,CAAC,GAAG,EAAE,OAAO,CAAC,CAAC;SACtC;QACD,OAAO,EAAE,CAAC;IACX,CAAC;IAEM,YAAY,CAAC,IAAY,EAAE,GAAW,EAAE,IAAY;QAC1D,QAAQ,IAAI,EAAE;YACb,KAAK,IAAI;gBACR,OAAO,GAAG,GAAG,IAAI,CAAC;YACnB,KAAK,IAAI;gBACR,OAAO,GAAG,KAAK,IAAI,CAAC;YACrB,KAAK,IAAI;gBACR,OAAO,GAAG,GAAG,IAAI,CAAC;SACnB;QACD,MAAM,IAAI,6BAAY,CAAC,0BAA0B,CAAC,CAAC;IACpD,CAAC;IAEM,UAAU,CAAC,GAAY,EAAE,OAAkB;QACjD,IAAI,OAAO,GAAG,KAAK,QAAQ,IAAI,GAAG,KAAK,IAAI,EAAE;YAC5C,IAAI,KAAK,GAAY,IAAI,CAAC;YAC1B,IAAI,IAAI,GAAG,EAAE,CAAC;YACd,IAAI,IAAI,IAAI,GAAG,EAAE;gBAChB,KAAK,GAAG,GAAG,CAAC,EAAE,CAAC;gBACf,IAAI,GAAG,IAAI,CAAC;aACZ;YACD,IAAI,IAAI,IAAI,GAAG,EAAE;gBAChB,KAAK,GAAG,GAAG,CAAC,EAAE,CAAC;gBACf,IAAI,GAAG,IAAI,CAAC;aACZ;YACD,IAAI,IAAI,IAAI,GAAG,EAAE;gBAChB,KAAK,GAAG,GAAG,CAAC,EAAE,CAAC;gBACf,IAAI,GAAG,IAAI,CAAC;aACZ;YACD,IAAI,OAAO,KAAK,KAAK,QAAQ,IAAI,KAAK,KAAK,IAAI,EAAE;gBAChD,MAAM,IAAI,GAAG,MAAM,CAAC,IAAI,CAAC,KAAK,CAAC,CAAC,CAAC,CAAC,CAAC,KAAK,CAAC,GAAG,CAAC,CAAC,CAAC,CAAC,CAAC;gBACjD,MAAM,IAAI,GAAG,MAAM,CAAC,MAAM,CAAC,KAAK,CAAC,CAAC,CAAC,CAAC,CAAC;gBACrC,IAAI;oBACH,OAAO,OAAO,CAAC,MAAM,CAAC,CAAC,OAAO,EAAE,EAAE,CAAC,IAAI,CAAC,YAAY,CAAC,IAAI,EAAE,OAAO,CAAC,IAAqB,CAAC,EAAE,IAAI,CAAC,CAAC,CAAC;iBAClG;gBAAC,MAAM;oBACP,MAAM,IAAI,6BAAY,CAAC,gBAAgB,CAAC,CAAC;iBACzC;aACD;SACD;QACD,OAAO,EAAE,CAAC;IACX,CAAC;IAEM,WAAW,CAAC,GAAY,EAAE,OAAkB;QAClD,IAAI,OAAO,GAAG,KAAK,QAAQ,IAAI,GAAG,KAAK,IAAI,EAAE;YAC5C,IAAI,IAAI,IAAI,GAAG,EAAE;gBAChB,MAAM,KAAK,GAAY,GAAG,CAAC,EAAE,CAAC;gBAC9B,IAAI,OAAO,KAAK,KAAK,QAAQ,IAAI,KAAK,KAAK,IAAI,EAAE;oBAChD,MAAM,IAAI,GAAG,MAAM,CAAC,IAAI,CAAC,KAAK,CAAC,CAAC,CAAC,CAAC,CAAC,KAAK,CAAC,GAAG,CAAC,CAAC,CAAC,CAAC,CAAC;oBACjD,IAAI,IAAI,GAAG,MAAM,CAAC,MAAM,CAAC,KAAK,CAAC,CAAC,CAAC,CAAC,CAAC;oBACnC,IAAI;wBACH,IAAI,GAAG,GAAG,GAAG,IAAI,CAAC,OAAO,CAAC,MAAM,EAAE,IAAI,CAAC,GAAG,GAAG,CAAC;wBAC9C,MAAM,KAAK,GAAG,IAAI,MAAM,CAAC,IAAI,CAAC,CAAC;wBAC/B,OAAO,OAAO,CAAC,MAAM,CAAC,CAAC,OAAO,EAAE,EAAE;4BACjC,OAAO,KAAK,CAAC,IAAI,CAAC,OAAO,CAAC,IAAqB,CAAC,CAAC,CAAC;wBACnD,CAAC,CAAC,CAAC;qBACH;oBAAC,MAAM;wBACP,MAAM,IAAI,6BAAY,CAAC,gBAAgB,CAAC,CAAC;qBACzC;iBACD;aACD;YACD,OAAO,IAAI,CAAC,UAAU,CAAC,GAAG,EAAE,OAAO,CAAC,CAAC;SACrC;QACD,OAAO,EAAE,CAAC;IACX,CAAC;IAEM,KAAK,CAAC,YAAY;QACxB,MAAM,QAAQ,GAAqB,EAAE,CAAC;QACtC,MAAM,GAAG,GAAa,EAAE,CAAC;QACzB,MAAM,OAAO,GAAG,EAAE,CAAC;QACnB,KAAK,MAAM,QAAQ,IAAI,MAAM,kBAAE,CAAC,OAAO,CAAC,GAAG,SAAS,aAAa,CAAC,EAAE;YACnE,MAAM,EAAE,GAAW,QAAQ,CAAC,KAAK,CAAC,GAAG,CAAC,CAAC,CAAC,CAAC,CAAC;YAC1C,GAAG,CAAC,IAAI,CAAC,EAAE,CAAC,CAAC;YACb,OAAO,CAAC,IAAI,CAAC,IAAI,CAAC,UAAU,CAAC,EAAE,CAAC,CAAC,CAAC;SAClC;QACD,MAAM,QAAQ,GAAG,MAAM,OAAO,CAAC,GAAG,CAAC,OAAO,CAAC,CAAC;QAC5C,KAAK,IAAI,CAAC,GAAG,CAAC,EAAE,CAAC,GAAG,GAAG,CAAC,MAAM,EAAE,CAAC,EAAE,EAAE;YACpC,MAAM,IAAI,GAAG,QAAQ,CAAC,CAAC,CAAC,CAAC;YACzB,IAAI,IAAwB,CAAC;YAE7B,IAAI,IAAI,CAAC,MAAM,GAAG,CAAC,IAAI,IAAI,CAAC,CAAC,CAAC,YAAY,cAAI,EAAE;gBAC/C,IAAI,GAAG,mCAAkB,CAAC,KAAK,CAAC;aAChC;iBAAM;gBACN,IAAI,GAAG,mCAAkB,CAAC,QAAQ,CAAC;aACnC;YAED,MAAM,OAAO,GAAmB;gBAC/B,EAAE,EAAE,GAAG,CAAC,CAAC,CAAC;gBACV,IAAI,EAAE,IAAI;gBACV,OAAO,EAAE,QAAQ,CAAC,CAAC,CAAC,CAAC,MAAM;aAC3B,CAAC;YACF,QAAQ,CAAC,IAAI,CAAC,OAAO,CAAC,CAAC;SACvB;QACD,OAAO,QAAQ,CAAC;IACjB,CAAC;;AAjTF,gCAkTC","sourcesContent":["import fs from \"fs-extra\";\nimport {\n\tIInsightFacade,\n\tInsightDataset,\n\tInsightDatasetKind,\n\tInsightError,\n\tInsightResult,\n\tNotFoundError,\n\tResultTooLargeError,\n} from \"./IInsightFacade\";\nimport Section from \"./Section\";\nimport { validateQuery, validateCols, isEmpty, OptionResult, MFIELDS, SFIELDS } from \"./ValidationHelpers\";\nimport DatasetProcessor from \"./DatasetProcessor\";\nimport Room from \"./Room\";\n\n/**\n * This is the main programmatic entry point for the project.\n * Method documentation is in IInsightFacade\n *\n */\nexport default class InsightFacade implements IInsightFacade {\n\tprivate datasets: Map<string, Section[] | Room[]> = new Map<string, Section[] | Room[]>();\n\tprivate static readonly MFIELDS = MFIELDS;\n\tprivate static readonly SFIELDS = SFIELDS;\n\tprivate static readonly MAX_RESULTS = 5000;\n\n\tpublic async getDataset(id: string): Promise<Section[] | Room[]> {\n\t\tif (this.datasets.has(id)) {\n\t\t\tconst dataObject = this.datasets.get(id);\n\t\t\tif (typeof dataObject !== \"undefined\") {\n\t\t\t\treturn dataObject;\n\t\t\t}\n\t\t}\n\t\ttry {\n\t\t\tconst retVal: any = await fs.readJSON(`${__dirname}/../../data/${id}.json`);\n\t\t\tif (Array.isArray(retVal)) {\n\t\t\t\tif (retVal.length > 0 && retVal[0] instanceof Object) {\n\t\t\t\t\tthis.datasets.set(id, retVal);\n\t\t\t\t\treturn retVal;\n\t\t\t\t}\n\t\t\t}\n\t\t\tthrow new NotFoundError(`Invalid file format`);\n\t\t} catch (_error) {\n\t\t\tthrow new NotFoundError(`file not found`);\n\t\t}\n\t\treturn [];\n\t}\n\n\tpublic async addDataset(id: string, content: string, kind: InsightDatasetKind): Promise<string[]> {\n\t\ttry {\n\t\t\tif (!this.isValidId(id)) {\n\t\t\t\tthrow new InsightError(\"Invalid id\");\n\t\t\t}\n\t\t\ttry {\n\t\t\t\tawait fs.mkdir(`${__dirname}/../../data`);\n\t\t\t} catch (error: any) {\n\t\t\t\tif (!(error.code === \"EEXIST\")) {\n\t\t\t\t\tthrow error;\n\t\t\t\t}\n\t\t\t}\n\n\t\t\tconst alreadyExists: String[] = await fs.readdir(`${__dirname}/../../data`);\n\t\t\tif (this.datasets.has(id) || alreadyExists.includes(`${id}.json`)) {\n\t\t\t\tthrow new InsightError(\"Dataset already exists\");\n\t\t\t}\n\n\t\t\tlet processedContent: Section[] | Room[];\n\t\t\tif (kind === InsightDatasetKind.Sections) {\n\t\t\t\tprocessedContent = await DatasetProcessor.processSectionsContent(content);\n\t\t\t} else if (kind === InsightDatasetKind.Rooms) {\n\t\t\t\tprocessedContent = await DatasetProcessor.processRoomsContent(content);\n\t\t\t} else {\n\t\t\t\tthrow new InsightError(\"Unsupported dataset kind\");\n\t\t\t}\n\n\t\t\tif (processedContent.length === 0) {\n\t\t\t\tthrow new InsightError(\"No valid data found in dataset\");\n\t\t\t}\n\n\t\t\tthis.datasets.set(id, processedContent);\n\t\t\tawait fs.writeJSON(`${__dirname}/../../data/${id}.json`, processedContent);\n\t\t\treturn Array.from(this.datasets.keys());\n\t\t} catch (error) {\n\t\t\tthrow new InsightError(\"Error adding dataset\" + error);\n\t\t}\n\t}\n\n\tprivate isValidId(id: string): boolean {\n\t\treturn /^[^_]+$/.test(id) && id.trim().length > 0;\n\t}\n\n\tpublic async removeDataset(id: string): Promise<string> {\n\t\tif (!this.isValidId(id)) {\n\t\t\tthrow new InsightError(\"Invalid id\");\n\t\t}\n\n\t\tconst existsInData = await fs.pathExists(`${__dirname}/../../data/${id}.json`);\n\t\tconst existsInMemory = this.datasets.has(id);\n\t\tif (!existsInData && !existsInMemory) {\n\t\t\tthrow new NotFoundError(\"Dataset not found\");\n\t\t}\n\n\t\tif (existsInMemory) {\n\t\t\tthis.datasets.delete(id);\n\t\t}\n\n\t\tif (existsInData) {\n\t\t\tawait fs.remove(`${__dirname}/../../data/${id}.json`);\n\t\t}\n\n\t\treturn id;\n\t}\n\n\tpublic getOptions(options: unknown, mfields: string[], sfields: string[]): OptionResult {\n\t\tlet onlyID = \"\";\n\t\tlet orderField = \"\";\n\t\tlet colVals: string[] = [];\n\t\tif (typeof options === \"object\" && options !== null) {\n\t\t\tif (\"COLUMNS\" in options) {\n\t\t\t\tconst cols = options.COLUMNS;\n\t\t\t\ttry {\n\t\t\t\t\tcolVals = validateCols(cols, mfields, sfields, []);\n\t\t\t\t\tonlyID = colVals[0].split(\"_\")[0];\n\t\t\t\t} catch {\n\t\t\t\t\tthrow new InsightError(`No cols`);\n\t\t\t\t}\n\t\t\t}\n\t\t\tif (\"ORDER\" in options) {\n\t\t\t\tconst order: unknown = options.ORDER;\n\t\t\t\tif (typeof order === \"string\") {\n\t\t\t\t\tif (colVals.includes(order)) {\n\t\t\t\t\t\torderField = order.split(\"_\")[1];\n\t\t\t\t\t} else {\n\t\t\t\t\t\tthrow new InsightError(`Invalid order field`);\n\t\t\t\t\t}\n\t\t\t\t} else {\n\t\t\t\t\tthrow new InsightError(`Order field not a string`);\n\t\t\t\t}\n\t\t\t}\n\t\t}\n\t\treturn { onlyID: onlyID, colVals: colVals, orderField: orderField };\n\t}\n\n\tpublic async performQuery(query: unknown): Promise<InsightResult[]> {\n\t\ttry {\n\t\t\tlet where: unknown;\n\t\t\tlet options: unknown;\n\n\t\t\tif (!validateQuery(query)) {\n\t\t\t\tthrow new InsightError(`Invalid format for query`);\n\t\t\t}\n\n\t\t\tif (typeof query === \"object\" && query && \"WHERE\" in query && \"OPTIONS\" in query) {\n\t\t\t\twhere = query.WHERE;\n\t\t\t\toptions = query.OPTIONS;\n\t\t\t}\n\n\t\t\tconst optionsData: OptionResult = this.getOptions(options, InsightFacade.MFIELDS, InsightFacade.SFIELDS);\n\t\t\tconst sections = await this.getDataset(optionsData.onlyID);\n\t\t\tlet results: Section[] = [];\n\n\t\t\tif (typeof sections !== \"undefined\") {\n\t\t\t\tresults = this.runFilter(where, optionsData.onlyID, sections);\n\t\t\t}\n\n\t\t\tif (results.length > InsightFacade.MAX_RESULTS) {\n\t\t\t\tthrow new ResultTooLargeError(\"Result too large\");\n\t\t\t}\n\n\t\t\tconst orderField: string = optionsData.orderField;\n\t\t\tif (orderField !== \"\") {\n\t\t\t\tresults.sort((a, b) => (a[orderField as keyof Section] < b[orderField as keyof Section] ? -1 : 1));\n\t\t\t}\n\n\t\t\treturn this.mapResults(results, optionsData.colVals);\n\t\t} catch (error) {\n\t\t\t// NotFoundError from getDataset must be caught and converted to InsightError\n\t\t\t// since performQuery only returns InsightError or ResultTooLargeError\n\t\t\tif (error instanceof NotFoundError) {\n\t\t\t\tthrow new InsightError(\"Error performing query: \" + error);\n\t\t\t}\n\t\t\tthrow error;\n\t\t}\n\t}\n\n\tprivate mapResults(results: Section[], colVals: string[]): InsightResult[] {\n\t\treturn results.map((section) => {\n\t\t\tconst result: InsightResult = {};\n\t\t\tfor (const colKey of colVals) {\n\t\t\t\tconst field = colKey.split(\"_\")[1] as keyof Section;\n\t\t\t\tresult[colKey] = section[field];\n\t\t\t}\n\t\t\treturn result;\n\t\t});\n\t}\n\n\tpublic runFilter(obj: unknown, onlyID: string, current: any): any {\n\t\tif (typeof obj === \"object\" && obj !== null) {\n\t\t\tif (\"NOT\" in obj) {\n\t\t\t\tconst inverse: Section[] = this.runFilter(obj.NOT, onlyID, current);\n\t\t\t\treturn current.filter((section: Section) => !inverse.includes(section));\n\t\t\t}\n\t\t\tif (\"AND\" in obj) {\n\t\t\t\tif (Array.isArray(obj.AND)) {\n\t\t\t\t\tconst and: unknown[] = obj.AND;\n\t\t\t\t\tfor (const query of and) {\n\t\t\t\t\t\tcurrent = this.runFilter(query, onlyID, current);\n\t\t\t\t\t}\n\t\t\t\t\treturn current;\n\t\t\t\t}\n\t\t\t}\n\t\t\tif (\"OR\" in obj) {\n\t\t\t\tif (Array.isArray(obj.OR)) {\n\t\t\t\t\tconst or: unknown[] = obj.OR;\n\t\t\t\t\tlet builtArray: Section[] = [];\n\t\t\t\t\tfor (const query of or) {\n\t\t\t\t\t\tconst filteredSections = this.runFilter(query, onlyID, current).filter(\n\t\t\t\t\t\t\t(section: Section) => !builtArray.includes(section)\n\t\t\t\t\t\t);\n\n\t\t\t\t\t\tbuiltArray = builtArray.concat(filteredSections);\n\t\t\t\t\t}\n\t\t\t\t\treturn builtArray;\n\t\t\t\t}\n\t\t\t}\n\t\t\tif (isEmpty(obj)) {\n\t\t\t\treturn current;\n\t\t\t}\n\t\t\treturn this.runSMFilter(obj, current);\n\t\t}\n\t\treturn [];\n\t}\n\n\tpublic mComparisons(comp: string, val: number, mval: number): boolean {\n\t\tswitch (comp) {\n\t\t\tcase \"LT\":\n\t\t\t\treturn val < mval;\n\t\t\tcase \"EQ\":\n\t\t\t\treturn val === mval;\n\t\t\tcase \"GT\":\n\t\t\t\treturn val > mval;\n\t\t}\n\t\tthrow new InsightError(`Invalid mcomp comparator`);\n\t}\n\n\tpublic runMFilter(obj: unknown, current: Section[]): Section[] {\n\t\tif (typeof obj === \"object\" && obj !== null) {\n\t\t\tlet mcomp: unknown = null;\n\t\t\tlet comp = \"\";\n\t\t\tif (\"LT\" in obj) {\n\t\t\t\tmcomp = obj.LT;\n\t\t\t\tcomp = \"LT\";\n\t\t\t}\n\t\t\tif (\"GT\" in obj) {\n\t\t\t\tmcomp = obj.GT;\n\t\t\t\tcomp = \"GT\";\n\t\t\t}\n\t\t\tif (\"EQ\" in obj) {\n\t\t\t\tmcomp = obj.EQ;\n\t\t\t\tcomp = \"EQ\";\n\t\t\t}\n\t\t\tif (typeof mcomp === \"object\" && mcomp !== null) {\n\t\t\t\tconst mkey = Object.keys(mcomp)[0].split(\"_\")[1];\n\t\t\t\tconst mval = Object.values(mcomp)[0];\n\t\t\t\ttry {\n\t\t\t\t\treturn current.filter((section) => this.mComparisons(comp, section[mkey as keyof Section], mval));\n\t\t\t\t} catch {\n\t\t\t\t\tthrow new InsightError(\"mkey not found\");\n\t\t\t\t}\n\t\t\t}\n\t\t}\n\t\treturn [];\n\t}\n\n\tpublic runSMFilter(obj: unknown, current: Section[]): Section[] {\n\t\tif (typeof obj === \"object\" && obj !== null) {\n\t\t\tif (\"IS\" in obj) {\n\t\t\t\tconst scomp: unknown = obj.IS;\n\t\t\t\tif (typeof scomp === \"object\" && scomp !== null) {\n\t\t\t\t\tconst skey = Object.keys(scomp)[0].split(\"_\")[1];\n\t\t\t\t\tlet sval = Object.values(scomp)[0];\n\t\t\t\t\ttry {\n\t\t\t\t\t\tsval = \"^\" + sval.replace(/\\*/gi, \".*\") + \"$\";\n\t\t\t\t\t\tconst regex = new RegExp(sval);\n\t\t\t\t\t\treturn current.filter((section) => {\n\t\t\t\t\t\t\treturn regex.test(section[skey as keyof Section]);\n\t\t\t\t\t\t});\n\t\t\t\t\t} catch {\n\t\t\t\t\t\tthrow new InsightError(\"skey not found\");\n\t\t\t\t\t}\n\t\t\t\t}\n\t\t\t}\n\t\t\treturn this.runMFilter(obj, current);\n\t\t}\n\t\treturn [];\n\t}\n\n\tpublic async listDatasets(): Promise<InsightDataset[]> {\n\t\tconst datasets: InsightDataset[] = [];\n\t\tconst ids: string[] = [];\n\t\tconst results = [];\n\t\tfor (const filename of await fs.readdir(`${__dirname}/../../data`)) {\n\t\t\tconst id: string = filename.split(\".\")[0];\n\t\t\tids.push(id);\n\t\t\tresults.push(this.getDataset(id));\n\t\t}\n\t\tconst resolved = await Promise.all(results);\n\t\tfor (let i = 0; i < ids.length; i++) {\n\t\t\tconst data = resolved[i];\n\t\t\tlet kind: InsightDatasetKind;\n\n\t\t\tif (data.length > 0 && data[0] instanceof Room) {\n\t\t\t\tkind = InsightDatasetKind.Rooms;\n\t\t\t} else {\n\t\t\t\tkind = InsightDatasetKind.Sections;\n\t\t\t}\n\n\t\t\tconst dataset: InsightDataset = {\n\t\t\t\tid: ids[i],\n\t\t\t\tkind: kind,\n\t\t\t\tnumRows: resolved[i].length,\n\t\t\t};\n\t\t\tdatasets.push(dataset);\n\t\t}\n\t\treturn datasets;\n\t}\n}\n"]},"_coverageSchema":"1a1c01bbd47fc00a2c39e90264f33305004495a9","hash":"92917ec2aa9b4dde6f5f72895767a41fe8098965","contentHash":"3786fccdfeab0a82884272875f7eb1a4154b836684056b4870dfb190a0e9e527"},"/Users/oltimaloku/Documents/School/Year4/CPSC-310/project_team055/src/controller/ValidationHelpers.ts":{"path":"/Users/oltimaloku/Documents/School/Year4/CPSC-310/project_team055/src/controller/ValidationHelpers.ts","statementMap":{"0":{"start":{"line":2,"column":0},"end":{"line":2,"column":62}},"1":{"start":{"line":3,"column":0},"end":{"line":3,"column":339}},"2":{"start":{"line":4,"column":25},"end":{"line":4,"column":52}},"3":{"start":{"line":5,"column":34},"end":{"line":5,"column":70}},"4":{"start":{"line":7,"column":4},"end":{"line":31,"column":5}},"5":{"start":{"line":8,"column":8},"end":{"line":10,"column":9}},"6":{"start":{"line":9,"column":12},"end":{"line":9,"column":25}},"7":{"start":{"line":11,"column":8},"end":{"line":13,"column":9}},"8":{"start":{"line":12,"column":12},"end":{"line":12,"column":62}},"9":{"start":{"line":14,"column":8},"end":{"line":30,"column":9}},"10":{"start":{"line":15,"column":12},"end":{"line":25,"column":13}},"11":{"start":{"line":16,"column":28},"end":{"line":16,"column":49}},"12":{"start":{"line":17,"column":16},"end":{"line":24,"column":17}},"13":{"start":{"line":18,"column":20},"end":{"line":20,"column":21}},"14":{"start":{"line":19,"column":24},"end":{"line":19,"column":37}},"15":{"start":{"line":21,"column":20},"end":{"line":23,"column":23}},"16":{"start":{"line":22,"column":24},"end":{"line":22,"column":72}},"17":{"start":{"line":26,"column":12},"end":{"line":26,"column":25}},"18":{"start":{"line":29,"column":12},"end":{"line":29,"column":89}},"19":{"start":{"line":32,"column":4},"end":{"line":32,"column":16}},"20":{"start":{"line":34,"column":0},"end":{"line":34,"column":28}},"21":{"start":{"line":37,"column":24},"end":{"line":37,"column":25}},"22":{"start":{"line":38,"column":4},"end":{"line":70,"column":5}},"23":{"start":{"line":39,"column":8},"end":{"line":41,"column":9}},"24":{"start":{"line":40,"column":12},"end":{"line":40,"column":72}},"25":{"start":{"line":42,"column":8},"end":{"line":42,"column":91}},"26":{"start":{"line":43,"column":8},"end":{"line":65,"column":9}},"27":{"start":{"line":44,"column":12},"end":{"line":64,"column":13}},"28":{"start":{"line":45,"column":16},"end":{"line":60,"column":17}},"29":{"start":{"line":46,"column":20},"end":{"line":48,"column":21}},"30":{"start":{"line":47,"column":24},"end":{"line":47,"column":83}},"31":{"start":{"line":51,"column":20},"end":{"line":53,"column":21}},"32":{"start":{"line":52,"column":24},"end":{"line":52,"column":84}},"33":{"start":{"line":54,"column":20},"end":{"line":56,"column":21}},"34":{"start":{"line":55,"column":24},"end":{"line":55,"column":92}},"35":{"start":{"line":57,"column":20},"end":{"line":59,"column":21}},"36":{"start":{"line":58,"column":24},"end":{"line":58,"column":77}},"37":{"start":{"line":63,"column":16},"end":{"line":63,"column":72}},"38":{"start":{"line":66,"column":8},"end":{"line":66,"column":20}},"39":{"start":{"line":69,"column":8},"end":{"line":69,"column":72}},"40":{"start":{"line":72,"column":0},"end":{"line":72,"column":36}},"41":{"start":{"line":74,"column":4},"end":{"line":76,"column":5}},"42":{"start":{"line":75,"column":8},"end":{"line":75,"column":45}},"43":{"start":{"line":77,"column":4},"end":{"line":77,"column":17}},"44":{"start":{"line":79,"column":0},"end":{"line":79,"column":26}},"45":{"start":{"line":81,"column":4},"end":{"line":96,"column":5}},"46":{"start":{"line":82,"column":8},"end":{"line":84,"column":9}},"47":{"start":{"line":83,"column":12},"end":{"line":83,"column":24}},"48":{"start":{"line":86,"column":9},"end":{"line":96,"column":5}},"49":{"start":{"line":87,"column":8},"end":{"line":95,"column":9}},"50":{"start":{"line":88,"column":12},"end":{"line":94,"column":13}},"51":{"start":{"line":89,"column":16},"end":{"line":93,"column":17}},"52":{"start":{"line":90,"column":20},"end":{"line":92,"column":21}},"53":{"start":{"line":90,"column":54},"end":{"line":90,"column":79}},"54":{"start":{"line":91,"column":24},"end":{"line":91,"column":36}},"55":{"start":{"line":97,"column":4},"end":{"line":97,"column":17}},"56":{"start":{"line":99,"column":0},"end":{"line":99,"column":38}},"57":{"start":{"line":101,"column":4},"end":{"line":103,"column":5}},"58":{"start":{"line":102,"column":8},"end":{"line":102,"column":21}},"59":{"start":{"line":104,"column":4},"end":{"line":104,"column":16}},"60":{"start":{"line":106,"column":0},"end":{"line":106,"column":38}},"61":{"start":{"line":108,"column":20},"end":{"line":108,"column":35}},"62":{"start":{"line":109,"column":20},"end":{"line":109,"column":35}},"63":{"start":{"line":110,"column":16},"end":{"line":110,"column":18}},"64":{"start":{"line":111,"column":18},"end":{"line":111,"column":20}},"65":{"start":{"line":112,"column":20},"end":{"line":112,"column":22}},"66":{"start":{"line":113,"column":23},"end":{"line":113,"column":24}},"67":{"start":{"line":114,"column":4},"end":{"line":125,"column":5}},"68":{"start":{"line":115,"column":8},"end":{"line":115,"column":28}},"69":{"start":{"line":116,"column":8},"end":{"line":116,"column":32}},"70":{"start":{"line":117,"column":8},"end":{"line":120,"column":9}},"71":{"start":{"line":118,"column":12},"end":{"line":118,"column":30}},"72":{"start":{"line":119,"column":12},"end":{"line":119,"column":89}},"73":{"start":{"line":121,"column":8},"end":{"line":123,"column":9}},"74":{"start":{"line":122,"column":12},"end":{"line":122,"column":25}},"75":{"start":{"line":124,"column":8},"end":{"line":124,"column":56}},"76":{"start":{"line":126,"column":4},"end":{"line":126,"column":17}},"77":{"start":{"line":129,"column":4},"end":{"line":157,"column":5}},"78":{"start":{"line":130,"column":33},"end":{"line":130,"column":60}},"79":{"start":{"line":131,"column":8},"end":{"line":133,"column":9}},"80":{"start":{"line":132,"column":12},"end":{"line":132,"column":25}},"81":{"start":{"line":134,"column":46},"end":{"line":134,"column":62}},"82":{"start":{"line":135,"column":22},"end":{"line":135,"column":24}},"83":{"start":{"line":136,"column":20},"end":{"line":136,"column":22}},"84":{"start":{"line":137,"column":8},"end":{"line":151,"column":9}},"85":{"start":{"line":138,"column":12},"end":{"line":144,"column":13}},"86":{"start":{"line":139,"column":29},"end":{"line":139,"column":44}},"87":{"start":{"line":140,"column":16},"end":{"line":140,"column":90}},"88":{"start":{"line":143,"column":16},"end":{"line":143,"column":29}},"89":{"start":{"line":145,"column":12},"end":{"line":147,"column":13}},"90":{"start":{"line":146,"column":16},"end":{"line":146,"column":29}},"91":{"start":{"line":150,"column":12},"end":{"line":150,"column":25}},"92":{"start":{"line":152,"column":8},"end":{"line":152,"column":81}},"93":{"start":{"line":153,"column":8},"end":{"line":153,"column":77}},"94":{"start":{"line":156,"column":8},"end":{"line":156,"column":21}},"95":{"start":{"line":159,"column":0},"end":{"line":159,"column":38}},"96":{"start":{"line":161,"column":19},"end":{"line":161,"column":21}},"97":{"start":{"line":162,"column":4},"end":{"line":171,"column":5}},"98":{"start":{"line":163,"column":8},"end":{"line":170,"column":9}},"99":{"start":{"line":164,"column":12},"end":{"line":169,"column":13}},"100":{"start":{"line":165,"column":30},"end":{"line":165,"column":51}},"101":{"start":{"line":166,"column":30},"end":{"line":166,"column":51}},"102":{"start":{"line":167,"column":16},"end":{"line":167,"column":66}},"103":{"start":{"line":168,"column":16},"end":{"line":168,"column":106}},"104":{"start":{"line":172,"column":4},"end":{"line":172,"column":70}},"105":{"start":{"line":174,"column":0},"end":{"line":174,"column":58}},"106":{"start":{"line":176,"column":24},"end":{"line":176,"column":25}},"107":{"start":{"line":177,"column":4},"end":{"line":179,"column":5}},"108":{"start":{"line":178,"column":8},"end":{"line":178,"column":68}},"109":{"start":{"line":180,"column":4},"end":{"line":182,"column":5}},"110":{"start":{"line":181,"column":8},"end":{"line":181,"column":68}},"111":{"start":{"line":183,"column":19},"end":{"line":183,"column":41}},"112":{"start":{"line":184,"column":4},"end":{"line":199,"column":5}},"113":{"start":{"line":185,"column":8},"end":{"line":198,"column":9}},"114":{"start":{"line":186,"column":12},"end":{"line":188,"column":13}},"115":{"start":{"line":187,"column":16},"end":{"line":187,"column":76}},"116":{"start":{"line":189,"column":12},"end":{"line":191,"column":13}},"117":{"start":{"line":190,"column":16},"end":{"line":190,"column":84}},"118":{"start":{"line":192,"column":12},"end":{"line":194,"column":13}},"119":{"start":{"line":193,"column":16},"end":{"line":193,"column":69}},"120":{"start":{"line":197,"column":12},"end":{"line":197,"column":68}},"121":{"start":{"line":200,"column":4},"end":{"line":200,"column":17}},"122":{"start":{"line":202,"column":0},"end":{"line":202,"column":38}},"123":{"start":{"line":204,"column":19},"end":{"line":204,"column":21}},"124":{"start":{"line":205,"column":4},"end":{"line":207,"column":5}},"125":{"start":{"line":206,"column":8},"end":{"line":206,"column":71}},"126":{"start":{"line":208,"column":4},"end":{"line":210,"column":5}},"127":{"start":{"line":209,"column":8},"end":{"line":209,"column":66}},"128":{"start":{"line":211,"column":4},"end":{"line":211,"column":18}},"129":{"start":{"line":213,"column":0},"end":{"line":213,"column":38}},"130":{"start":{"line":215,"column":4},"end":{"line":226,"column":5}},"131":{"start":{"line":216,"column":8},"end":{"line":225,"column":9}},"132":{"start":{"line":217,"column":24},"end":{"line":217,"column":44}},"133":{"start":{"line":218,"column":12},"end":{"line":224,"column":13}},"134":{"start":{"line":219,"column":16},"end":{"line":223,"column":17}},"135":{"start":{"line":220,"column":20},"end":{"line":222,"column":21}},"136":{"start":{"line":221,"column":24},"end":{"line":221,"column":35}},"137":{"start":{"line":227,"column":4},"end":{"line":227,"column":66}},"138":{"start":{"line":229,"column":0},"end":{"line":229,"column":46}},"139":{"start":{"line":231,"column":24},"end":{"line":231,"column":25}},"140":{"start":{"line":232,"column":24},"end":{"line":232,"column":61}},"141":{"start":{"line":233,"column":4},"end":{"line":251,"column":5}},"142":{"start":{"line":234,"column":8},"end":{"line":250,"column":9}},"143":{"start":{"line":235,"column":12},"end":{"line":249,"column":13}},"144":{"start":{"line":236,"column":16},"end":{"line":248,"column":17}},"145":{"start":{"line":237,"column":32},"end":{"line":237,"column":54}},"146":{"start":{"line":238,"column":20},"end":{"line":247,"column":21}},"147":{"start":{"line":239,"column":24},"end":{"line":246,"column":25}},"148":{"start":{"line":240,"column":28},"end":{"line":245,"column":29}},"149":{"start":{"line":241,"column":32},"end":{"line":244,"column":33}},"150":{"start":{"line":243,"column":36},"end":{"line":243,"column":48}},"151":{"start":{"line":252,"column":4},"end":{"line":252,"column":17}},"152":{"start":{"line":254,"column":0},"end":{"line":254,"column":48}},"153":{"start":{"line":255,"column":0},"end":{"line":266,"column":2}},"154":{"start":{"line":267,"column":0},"end":{"line":267,"column":82}},"155":{"start":{"line":268,"column":0},"end":{"line":282,"column":2}}},"fnMap":{"0":{"name":"isFilter","decl":{"start":{"line":6,"column":9},"end":{"line":6,"column":17}},"loc":{"start":{"line":6,"column":48},"end":{"line":33,"column":1}},"line":6},"1":{"name":"(anonymous_1)","decl":{"start":{"line":21,"column":37},"end":{"line":21,"column":38}},"loc":{"start":{"line":21,"column":47},"end":{"line":23,"column":21}},"line":21},"2":{"name":"validateCols","decl":{"start":{"line":35,"column":9},"end":{"line":35,"column":21}},"loc":{"start":{"line":35,"column":57},"end":{"line":71,"column":1}},"line":35},"3":{"name":"isEmpty","decl":{"start":{"line":73,"column":9},"end":{"line":73,"column":16}},"loc":{"start":{"line":73,"column":22},"end":{"line":78,"column":1}},"line":73},"4":{"name":"validateOrder","decl":{"start":{"line":80,"column":9},"end":{"line":80,"column":22}},"loc":{"start":{"line":80,"column":39},"end":{"line":98,"column":1}},"line":80},"5":{"name":"(anonymous_5)","decl":{"start":{"line":90,"column":41},"end":{"line":90,"column":42}},"loc":{"start":{"line":90,"column":54},"end":{"line":90,"column":79}},"line":90},"6":{"name":"validateWhere","decl":{"start":{"line":100,"column":9},"end":{"line":100,"column":22}},"loc":{"start":{"line":100,"column":55},"end":{"line":105,"column":1}},"line":100},"7":{"name":"initialValidateQuery","decl":{"start":{"line":107,"column":9},"end":{"line":107,"column":29}},"loc":{"start":{"line":107,"column":37},"end":{"line":127,"column":1}},"line":107},"8":{"name":"validateQuery","decl":{"start":{"line":128,"column":9},"end":{"line":128,"column":22}},"loc":{"start":{"line":128,"column":30},"end":{"line":158,"column":1}},"line":128},"9":{"name":"validateTransformations","decl":{"start":{"line":160,"column":9},"end":{"line":160,"column":32}},"loc":{"start":{"line":160,"column":68},"end":{"line":173,"column":1}},"line":160},"10":{"name":"validateGroup","decl":{"start":{"line":175,"column":9},"end":{"line":175,"column":22}},"loc":{"start":{"line":175,"column":48},"end":{"line":201,"column":1}},"line":175},"11":{"name":"validateApply","decl":{"start":{"line":203,"column":9},"end":{"line":203,"column":22}},"loc":{"start":{"line":203,"column":56},"end":{"line":212,"column":1}},"line":203},"12":{"name":"validateApplyRule","decl":{"start":{"line":214,"column":9},"end":{"line":214,"column":26}},"loc":{"start":{"line":214,"column":59},"end":{"line":228,"column":1}},"line":214},"13":{"name":"validateApplyToken","decl":{"start":{"line":230,"column":9},"end":{"line":230,"column":27}},"loc":{"start":{"line":230,"column":60},"end":{"line":253,"column":1}},"line":230}},"branchMap":{"0":{"loc":{"start":{"line":7,"column":4},"end":{"line":31,"column":5}},"type":"if","locations":[{"start":{"line":7,"column":4},"end":{"line":31,"column":5}},{"start":{"line":7,"column":4},"end":{"line":31,"column":5}}],"line":7},"1":{"loc":{"start":{"line":7,"column":8},"end":{"line":7,"column":47}},"type":"binary-expr","locations":[{"start":{"line":7,"column":8},"end":{"line":7,"column":31}},{"start":{"line":7,"column":35},"end":{"line":7,"column":47}}],"line":7},"2":{"loc":{"start":{"line":8,"column":8},"end":{"line":10,"column":9}},"type":"if","locations":[{"start":{"line":8,"column":8},"end":{"line":10,"column":9}},{"start":{"line":8,"column":8},"end":{"line":10,"column":9}}],"line":8},"3":{"loc":{"start":{"line":11,"column":8},"end":{"line":13,"column":9}},"type":"if","locations":[{"start":{"line":11,"column":8},"end":{"line":13,"column":9}},{"start":{"line":11,"column":8},"end":{"line":13,"column":9}}],"line":11},"4":{"loc":{"start":{"line":14,"column":8},"end":{"line":30,"column":9}},"type":"if","locations":[{"start":{"line":14,"column":8},"end":{"line":30,"column":9}},{"start":{"line":14,"column":8},"end":{"line":30,"column":9}}],"line":14},"5":{"loc":{"start":{"line":14,"column":12},"end":{"line":14,"column":39}},"type":"binary-expr","locations":[{"start":{"line":14,"column":12},"end":{"line":14,"column":24}},{"start":{"line":14,"column":28},"end":{"line":14,"column":39}}],"line":14},"6":{"loc":{"start":{"line":15,"column":12},"end":{"line":25,"column":13}},"type":"if","locations":[{"start":{"line":15,"column":12},"end":{"line":25,"column":13}},{"start":{"line":15,"column":12},"end":{"line":25,"column":13}}],"line":15},"7":{"loc":{"start":{"line":17,"column":16},"end":{"line":24,"column":17}},"type":"if","locations":[{"start":{"line":17,"column":16},"end":{"line":24,"column":17}},{"start":{"line":17,"column":16},"end":{"line":24,"column":17}}],"line":17},"8":{"loc":{"start":{"line":18,"column":20},"end":{"line":20,"column":21}},"type":"if","locations":[{"start":{"line":18,"column":20},"end":{"line":20,"column":21}},{"start":{"line":18,"column":20},"end":{"line":20,"column":21}}],"line":18},"9":{"loc":{"start":{"line":38,"column":4},"end":{"line":70,"column":5}},"type":"if","locations":[{"start":{"line":38,"column":4},"end":{"line":70,"column":5}},{"start":{"line":38,"column":4},"end":{"line":70,"column":5}}],"line":38},"10":{"loc":{"start":{"line":39,"column":8},"end":{"line":41,"column":9}},"type":"if","locations":[{"start":{"line":39,"column":8},"end":{"line":41,"column":9}},{"start":{"line":39,"column":8},"end":{"line":41,"column":9}}],"line":39},"11":{"loc":{"start":{"line":39,"column":12},"end":{"line":39,"column":60}},"type":"binary-expr","locations":[{"start":{"line":39,"column":12},"end":{"line":39,"column":29}},{"start":{"line":39,"column":33},"end":{"line":39,"column":60}}],"line":39},"12":{"loc":{"start":{"line":42,"column":17},"end":{"line":42,"column":90}},"type":"cond-expr","locations":[{"start":{"line":42,"column":40},"end":{"line":42,"column":66}},{"start":{"line":42,"column":69},"end":{"line":42,"column":90}}],"line":42},"13":{"loc":{"start":{"line":44,"column":12},"end":{"line":64,"column":13}},"type":"if","locations":[{"start":{"line":44,"column":12},"end":{"line":64,"column":13}},{"start":{"line":44,"column":12},"end":{"line":64,"column":13}}],"line":44},"14":{"loc":{"start":{"line":45,"column":16},"end":{"line":60,"column":17}},"type":"if","locations":[{"start":{"line":45,"column":16},"end":{"line":60,"column":17}},{"start":{"line":45,"column":16},"end":{"line":60,"column":17}}],"line":45},"15":{"loc":{"start":{"line":46,"column":20},"end":{"line":48,"column":21}},"type":"if","locations":[{"start":{"line":46,"column":20},"end":{"line":48,"column":21}},{"start":{"line":46,"column":20},"end":{"line":48,"column":21}}],"line":46},"16":{"loc":{"start":{"line":51,"column":20},"end":{"line":53,"column":21}},"type":"if","locations":[{"start":{"line":51,"column":20},"end":{"line":53,"column":21}},{"start":{"line":51,"column":20},"end":{"line":53,"column":21}}],"line":51},"17":{"loc":{"start":{"line":54,"column":20},"end":{"line":56,"column":21}},"type":"if","locations":[{"start":{"line":54,"column":20},"end":{"line":56,"column":21}},{"start":{"line":54,"column":20},"end":{"line":56,"column":21}}],"line":54},"18":{"loc":{"start
[...]
,"column":4},"end":{"line":70,"column":5}}],"line":60},"15":{"loc":{"start":{"line":62,"column":12},"end":{"line":68,"column":13}},"type":"if","locations":[{"start":{"line":62,"column":12},"end":{"line":68,"column":13}},{"start":{"line":62,"column":12},"end":{"line":68,"column":13}}],"line":62},"16":{"loc":{"start":{"line":62,"column":16},"end":{"line":62,"column":63}},"type":"binary-expr","locations":[{"start":{"line":62,"column":16},"end":{"line":62,"column":38}},{"start":{"line":62,"column":42},"end":{"line":62,"column":63}}],"line":62},"17":{"loc":{"start":{"line":64,"column":20},"end":{"line":66,"column":21}},"type":"if","locations":[{"start":{"line":64,"column":20},"end":{"line":66,"column":21}},{"start":{"line":64,"column":20},"end":{"line":66,"column":21}}],"line":64},"18":{"loc":{"start":{"line":64,"column":24},"end":{"line":64,"column":78}},"type":"binary-expr","locations":[{"start":{"line":64,"column":24},"end":{"line":64,"column":54}},{"start":{"line":64,"column":58},"end":{"line":64,"column":78}}],"line":64},"19":{"loc":{"start":{"line":76,"column":8},"end":{"line":84,"column":9}},"type":"if","locations":[{"start":{"line":76,"column":8},"end":{"line":84,"column":9}},{"start":{"line":76,"column":8},"end":{"line":84,"column":9}}],"line":76},"20":{"loc":{"start":{"line":77,"column":12},"end":{"line":79,"column":13}},"type":"if","locations":[{"start":{"line":77,"column":12},"end":{"line":79,"column":13}},{"start":{"line":77,"column":12},"end":{"line":79,"column":13}}],"line":77},"21":{"loc":{"start":{"line":81,"column":12},"end":{"line":83,"column":13}},"type":"if","locations":[{"start":{"line":81,"column":12},"end":{"line":83,"column":13}},{"start":{"line":81,"column":12},"end":{"line":83,"column":13}}],"line":81},"22":{"loc":{"start":{"line":91,"column":4},"end":{"line":104,"column":5}},"type":"if","locations":[{"start":{"line":91,"column":4},"end":{"line":104,"column":5}},{"start":{"line":91,"column":4},"end":{"line":104,"column":5}}],"line":91},"23":{"loc":{"start":{"line":93,"column":12},"end":{"line":102,"column":13}},"type":"if","locations":[{"start":{"line":93,"column":12},"end":{"line":102,"column":13}},{"start":{"line":93,"column":12},"end":{"line":102,"column":13}}],"line":93},"24":{"loc":{"start":{"line":93,"column":16},"end":{"line":93,"column":65}},"type":"binary-expr","locations":[{"start":{"line":93,"column":16},"end":{"line":93,"column":41}},{"start":{"line":93,"column":45},"end":{"line":93,"column":65}}],"line":93},"25":{"loc":{"start":{"line":95,"column":20},"end":{"line":100,"column":21}},"type":"if","locations":[{"start":{"line":95,"column":20},"end":{"line":100,"column":21}},{"start":{"line":95,"column":20},"end":{"line":100,"column":21}}],"line":95},"26":{"loc":{"start":{"line":97,"column":24},"end":{"line":99,"column":25}},"type":"if","locations":[{"start":{"line":97,"column":24},"end":{"line":99,"column":25}},{"start":{"line":97,"column":24},"end":{"line":99,"column":25}}],"line":97},"27":{"loc":{"start":{"line":109,"column":4},"end":{"line":115,"column":5}},"type":"if","locations":[{"start":{"line":109,"column":4},"end":{"line":115,"column":5}},{"start":{"line":109,"column":4},"end":{"line":115,"column":5}}],"line":109},"28":{"loc":{"start":{"line":111,"column":12},"end":{"line":113,"column":13}},"type":"if","locations":[{"start":{"line":111,"column":12},"end":{"line":113,"column":13}},{"start":{"line":111,"column":12},"end":{"line":113,"column":13}}],"line":111},"29":{"loc":{"start":{"line":111,"column":16},"end":{"line":111,"column":95}},"type":"binary-expr","locations":[{"start":{"line":111,"column":16},"end":{"line":111,"column":37}},{"start":{"line":111,"column":41},"end":{"line":111,"column":95}}],"line":111},"30":{"loc":{"start":{"line":121,"column":4},"end":{"line":131,"column":5}},"type":"if","locations":[{"start":{"line":121,"column":4},"end":{"line":131,"column":5}},{"start":{"line":121,"column":4},"end":{"line":131,"column":5}}],"line":121},"31":{"loc":{"start":{"line":123,"column":12},"end":{"line":129,"column":13}},"type":"if","locations":[{"start":{"line":123,"column":12},"end":{"line":129,"column":13}},{"start":{"line":123,"column":12},"end":{"line":129,"column":13}}],"line":123},"32":{"loc":{"start":{"line":123,"column":16},"end":{"line":123,"column":65}},"type":"binary-expr","locations":[{"start":{"line":123,"column":16},"end":{"line":123,"column":41}},{"start":{"line":123,"column":45},"end":{"line":123,"column":65}}],"line":123},"33":{"loc":{"start":{"line":125,"column":20},"end":{"line":127,"column":21}},"type":"if","locations":[{"start":{"line":125,"column":20},"end":{"line":127,"column":21}},{"start":{"line":125,"column":20},"end":{"line":127,"column":21}}],"line":125}},"s":{"0":1,"1":1,"2":95014,"3":44,"4":44,"5":94970,"6":48895,"7":94940,"8":94940,"9":484,"10":94486,"11":1,"12":512,"13":512,"14":512,"15":5632,"16":2560,"17":512,"18":1,"19":1388,"20":1388,"21":1388,"22":1388,"23":1388,"24":1388,"25":1,"26":512,"27":512,"28":1024,"29":512,"30":512,"31":512,"32":512,"33":0,"34":1,"35":512,"36":512,"37":512,"38":1536,"39":512,"40":512,"41":512,"42":512,"43":1,"44":988,"45":1956,"46":988,"47":2,"48":986,"49":986,"50":16,"51":970,"52":1,"53":2,"54":2,"55":2,"56":10,"57":2,"58":298,"59":148,"60":148,"61":296,"62":148,"63":2,"64":1,"65":296,"66":296,"67":296,"68":148,"69":148,"70":1,"71":44,"72":44,"73":44,"74":220,"75":44,"76":772,"77":364,"78":44,"79":1},"f":{"0":95014,"1":44,"2":512,"3":1388,"4":512,"5":512,"6":512,"7":988,"8":2,"9":296,"10":296,"11":44},"b":{"0":[44,94970],"1":[95014,44],"2":[44,44],"3":[48895,46075],"4":[484,94456],"5":[512,0],"6":[2560,3072],"7":[1388,0],"8":[1388,0],"9":[1388,1388],"10":[512,0],"11":[512,512],"12":[1024,512],"13":[512,0],"14":[512,0],"15":[512,1024],"16":[1536,512],"17":[512,0],"18":[512,512],"19":[988,968],"20":[2,986],"21":[16,970],"22":[2,0],"23":[2,8],"24":[10,2],"25":[148,150],"26":[148,0],"27":[296,0],"28":[148,148],"29":[296,296],"30":[44,0],"31":[44,176],"32":[220,44],"33":[364,408]},"inputSourceMap":{"version":3,"file":"/Users/oltimaloku/Documents/School/Year4/CPSC-310/project_team055/src/controller/HtmlParseHelpers.ts","sources":["/Users/oltimaloku/Documents/School/Year4/CPSC-310/project_team055/src/controller/HtmlParseHelpers.ts"],"names":[],"mappings":";;;AAEA,SAAgB,kBAAkB,CAAC,IAAS,EAAE,SAAiB;IAC9D,IACC,IAAI,CAAC,QAAQ,KAAK,OAAO;QACzB,IAAI,CAAC,KAAK,EAAE,IAAI,CAAC,CAAC,IAAS,EAAE,EAAE,CAAC,IAAI,CAAC,IAAI,KAAK,OAAO,IAAI,IAAI,CAAC,KAAK,CAAC,QAAQ,CAAC,SAAS,CAAC,CAAC,EACvF;QACD,OAAO,IAAI,CAAC;KACZ;IAED,IAAI,IAAI,CAAC,UAAU,EAAE;QACpB,KAAK,MAAM,KAAK,IAAI,IAAI,CAAC,UAAU,EAAE;YACpC,MAAM,MAAM,GAAG,kBAAkB,CAAC,KAAK,EAAE,SAAS,CAAC,CAAC;YACpD,IAAI,MAAM,EAAE;gBACX,OAAO,MAAM,CAAC;aACd;SACD;KACD;IAED,OAAO,IAAI,CAAC;AACb,CAAC;AAlBD,gDAkBC;AAED,SAAgB,aAAa,CAAC,GAAc;IAC3C,MAAM,KAAK,GAAgB,EAAE,CAAC;IAC9B,IAAI,YAAY,IAAI,GAAG,EAAE;QACxB,KAAK,MAAM,KAAK,IAAI,GAAG,CAAC,UAAU,EAAE;YACnC,IAAI,KAAK,CAAC,QAAQ,KAAK,IAAI,EAAE;gBAC5B,KAAK,CAAC,IAAI,CAAC,KAAK,CAAC,CAAC;aAClB;SACD;KACD;IACD,OAAO,KAAK,CAAC;AACd,CAAC;AAVD,sCAUC;AAED,SAAgB,cAAc,CAAC,IAAe;IAC7C,IAAI,IAAI,GAAG,EAAE,CAAC;IAEd,IAAI,YAAY,IAAI,IAAI,EAAE;QACzB,KAAK,MAAM,KAAK,IAAI,IAAI,CAAC,UAAU,EAAE;YACpC,IAAI,KAAK,CAAC,QAAQ,KAAK,OAAO,IAAI,OAAO,IAAI,KAAK,EAAE;gBACnD,IAAI,IAAI,KAAK,CAAC,KAAK,CAAC,IAAI,EAAE,GAAG,GAAG,CAAC;aACjC;SACD;KACD;IACD,OAAO,IAAI,CAAC,IAAI,EAAE,CAAC;AACpB,CAAC;AAXD,wCAWC;AAED,SAAgB,eAAe,CAAC,IAAe;IAC9C,IAAI,YAAY,IAAI,IAAI,EAAE;QACzB,KAAK,MAAM,KAAK,IAAI,IAAI,CAAC,UAAU,EAAE;YACpC,IAAI,KAAK,CAAC,QAAQ,KAAK,GAAG,IAAI,KAAK,CAAC,KAAK,EAAE;gBAC1C,MAAM,IAAI,GAAG,KAAK,CAAC,KAAK,CAAC,IAAI,CAAC,CAAC,IAAI,EAAE,EAAE,CAAC,IAAI,CAAC,IAAI,KAAK,MAAM,CAAC,EAAE,KAAK,CAAC;gBACrE,IAAI,IAAI,EAAE;oBACT,OAAO,IAAI,CAAC;iBACZ;aACD;SACD;KACD;IACD,OAAO,EAAE,CAAC;AACX,CAAC;AAZD,0CAYC;AAED,SAAgB,WAAW,CAAC,IAAe;IAC1C,IAAI,IAAI,GAAG,EAAE,CAAC;IAEd,IAAI,YAAY,IAAI,IAAI,EAAE;QACzB,KAAK,MAAM,KAAK,IAAI,IAAI,CAAC,UAAU,EAAE;YACpC,IAAI,KAAK,CAAC,QAAQ,KAAK,GAAG,IAAI,YAAY,IAAI,KAAK,EAAE;gBACpD,KAAK,MAAM,SAAS,IAAI,KAAK,CAAC,UAAU,EAAE;oBACzC,IAAI,SAAS,CAAC,QAAQ,KAAK,OAAO,IAAI,OAAO,IAAI,SAAS,EAAE;wBAC3D,IAAI,IAAI,SAAS,CAAC,KAAK,CAAC,IAAI,EAAE,GAAG,GAAG,CAAC;qBACrC;iBACD;aACD;SACD;KACD;IAED,OAAO,IAAI,CAAC,IAAI,EAAE,CAAC;AACpB,CAAC;AAhBD,kCAgBC;AAED,SAAgB,gBAAgB,CAAC,KAAkB;IAClD,KAAK,MAAM,IAAI,IAAI,KAAK,EAAE;QAEzB,IAAI,YAAY,IAAI,IAAI,EAAE;YACzB,IAAI,IAAI,CAAC,QAAQ,KAAK,OAAO,EAAE;gBAC9B,OAAO,IAAI,CAAC;aACZ;YAED,MAAM,MAAM,GAAG,gBAAgB,CAAC,IAAI,CAAC,UAAU,CAAC,CAAC;YACjD,IAAI,MAAM,EAAE;gBACX,OAAO,MAAM,CAAC;aACd;SACD;KACD;IACD,OAAO,IAAI,CAAC;AACb,CAAC;AAfD,4CAeC;AAED,SAAgB,eAAe,CAAC,aAAwB;IACvD,MAAM,IAAI,GAAgB,EAAE,CAAC;IAC7B,IAAI,YAAY,IAAI,aAAa,EAAE;QAClC,KAAK,MAAM,IAAI,IAAI,aAAa,CAAC,UAAU,EAAE;YAC5C,IAAI,IAAI,CAAC,QAAQ,KAAK,OAAO,IAAI,YAAY,IAAI,IAAI,EAAE;gBACtD,KAAK,MAAM,KAAK,IAAI,IAAI,CAAC,UAAU,EAAE;oBACpC,IAAI,KAAK,CAAC,QAAQ,KAAK,IAAI,EAAE;wBAC5B,MAAM,KAAK,GAAG,aAAa,CAAC,KAAK,CAAC,CAAC;wBACnC,IAAI,KAAK,CAAC,IAAI,CAAC,CAAC,IAAe,EAAE,EAAE,CAAC,aAAa,CAAC,IAAI,CAAC,CAAC,EAAE;4BACzD,IAAI,CAAC,IAAI,CAAC,KAAK,CAAC,CAAC;yBACjB;qBACD;iBACD;aACD;SACD;KACD;IACD,OAAO,IAAI,CAAC;AACb,CAAC;AAjBD,0CAiBC;AAED,SAAgB,aAAa,CAAC,IAAe;IAC5C,IAAI,OAAO,IAAI,IAAI,EAAE;QACpB,KAAK,MAAM,IAAI,IAAI,IAAI,CAAC,KAAK,EAAE;YAC9B,IAAI,IAAI,CAAC,IAAI,KAAK,OAAO,IAAI,IAAI,CAAC,KAAK,CAAC,QAAQ,CAAC,iCAAiC,CAAC,EAAE;gBACpF,OAAO,IAAI,CAAC;aACZ;SACD;KACD;IACD,OAAO,KAAK,CAAC;AACd,CAAC;AATD,sCASC;AAED,SAAgB,WAAW,CAAC,UAAqB;IAChD,MAAM,IAAI,GAAgB,EAAE,CAAC;IAC7B,IAAI,YAAY,IAAI,UAAU,EAAE;QAC/B,KAAK,MAAM,IAAI,IAAI,UAAU,CAAC,UAAU,EAAE;YACzC,IAAI,IAAI,CAAC,QAAQ,KAAK,OAAO,IAAI,YAAY,IAAI,IAAI,EAAE;gBACtD,KAAK,MAAM,KAAK,IAAI,IAAI,CAAC,UAAU,EAAE;oBACpC,IAAI,KAAK,CAAC,QAAQ,KAAK,IAAI,EAAE;wBAC5B,IAAI,CAAC,IAAI,CAAC,KAAK,CAAC,CAAC;qBACjB;iBACD;aACD;SACD;KACD;IACD,OAAO,IAAI,CAAC;AACb,CAAC;AAdD,kCAcC","sourcesContent":["import { ChildNode } from \"parse5/dist/tree-adapters/default\";\n\nexport function findTableWithClass(node: any, className: string): any {\n\tif (\n\t\tnode.nodeName === \"table\" &&\n\t\tnode.attrs?.some((attr: any) => attr.name === \"class\" && attr.value.includes(className))\n\t) {\n\t\treturn node;\n\t}\n\n\tif (node.childNodes) {\n\t\tfor (const child of node.childNodes) {\n\t\t\tconst result = findTableWithClass(child, className);\n\t\t\tif (result) {\n\t\t\t\treturn result;\n\t\t\t}\n\t\t}\n\t}\n\n\treturn null;\n}\n\nexport function getTableCells(row: ChildNode): ChildNode[] {\n\tconst cells: ChildNode[] = [];\n\tif (\"childNodes\" in row) {\n\t\tfor (const child of row.childNodes) {\n\t\t\tif (child.nodeName === \"td\") {\n\t\t\t\tcells.push(child);\n\t\t\t}\n\t\t}\n\t}\n\treturn cells;\n}\n\nexport function getTextContent(node: ChildNode): string {\n\tlet text = \"\";\n\n\tif (\"childNodes\" in node) {\n\t\tfor (const child of node.childNodes) {\n\t\t\tif (child.nodeName === \"#text\" && \"value\" in child) {\n\t\t\t\ttext += child.value.trim() + \" \";\n\t\t\t}\n\t\t}\n\t}\n\treturn text.trim();\n}\n\nexport function getHrefFromLink(node: ChildNode): string {\n\tif (\"childNodes\" in node) {\n\t\tfor (const child of node.childNodes) {\n\t\t\tif (child.nodeName === \"a\" && child.attrs) {\n\t\t\t\tconst href = child.attrs.find((attr) => attr.name === \"href\")?.value;\n\t\t\t\tif (href) {\n\t\t\t\t\treturn href;\n\t\t\t\t}\n\t\t\t}\n\t\t}\n\t}\n\treturn \"\";\n}\n\nexport function getLinkText(node: ChildNode): string {\n\tlet text = \"\";\n\n\tif (\"childNodes\" in node) {\n\t\tfor (const child of node.childNodes) {\n\t\t\tif (child.nodeName === \"a\" && \"childNodes\" in child) {\n\t\t\t\tfor (const linkChild of child.childNodes) {\n\t\t\t\t\tif (linkChild.nodeName === \"#text\" && \"value\" in linkChild) {\n\t\t\t\t\t\ttext += linkChild.value.trim() + \" \";\n\t\t\t\t\t}\n\t\t\t\t}\n\t\t\t}\n\t\t}\n\t}\n\n\treturn text.trim();\n}\n\nexport function getBuildingTable(nodes: ChildNode[]): ChildNode | null {\n\tfor (const node of nodes) {\n\t\t// Check if the node has children\n\t\tif (\"childNodes\" in node) {\n\t\t\tif (node.nodeName === \"table\") {\n\t\t\t\treturn node;\n\t\t\t}\n\t\t\t// Search children recursively\n\t\t\tconst result = getBuildingTable(node.childNodes);\n\t\t\tif (result) {\n\t\t\t\treturn result;\n\t\t\t}\n\t\t}\n\t}\n\treturn null;\n}\n\nexport function getBuildingRows(buildingTable: ChildNode): ChildNode[] {\n\tconst rows: ChildNode[] = [];\n\tif (\"childNodes\" in buildingTable) {\n\t\tfor (const node of buildingTable.childNodes) {\n\t\t\tif (node.nodeName === \"tbody\" && \"childNodes\" in node) {\n\t\t\t\tfor (const child of node.childNodes) {\n\t\t\t\t\tif (child.nodeName === \"tr\") {\n\t\t\t\t\t\tconst cells = getTableCells(child);\n\t\t\t\t\t\tif (cells.some((cell: ChildNode) => isBuildingRow(cell))) {\n\t\t\t\t\t\t\trows.push(child);\n\t\t\t\t\t\t}\n\t\t\t\t\t}\n\t\t\t\t}\n\t\t\t}\n\t\t}\n\t}\n\treturn rows;\n}\n\nexport function isBuildingRow(cell: ChildNode): boolean {\n\tif (\"attrs\" in cell) {\n\t\tfor (const attr of cell.attrs) {\n\t\t\tif (attr.name === \"class\" && attr.value.includes(\"views-field-field-building-code\")) {\n\t\t\t\treturn true;\n\t\t\t}\n\t\t}\n\t}\n\treturn false;\n}\n\nexport function getRoomRows(roomsTable: ChildNode): ChildNode[] {\n\tconst rows: ChildNode[] = [];\n\tif (\"childNodes\" in roomsTable) {\n\t\tfor (const node of roomsTable.childNodes) {\n\t\t\tif (node.nodeName === \"tbody\" && \"childNodes\" in node) {\n\t\t\t\tfor (const child of node.childNodes) {\n\t\t\t\t\tif (child.nodeName === \"tr\") {\n\t\t\t\t\t\trows.push(child);\n\t\t\t\t\t}\n\t\t\t\t}\n\t\t\t}\n\t\t}\n\t}\n\treturn rows;\n}\n"]},"_coverageSchema":"1a1c01bbd47fc00a2c39e90264f33305004495a9","hash":"5142577de84d4dda41850fd60b11d938779c021d","contentHash":"33630667db958fab313d58b8caa86fea06c101b46f85d0defaebed03e63adc58"},"/Users/oltimaloku/Documents/School/Year4/CPSC-310/project_team055/src/controller/GeolocationService.ts":{"path":"/Users/oltimaloku/Documents/School/Year4/CPSC-310/project_team055/src/controller/GeolocationService.ts","statementMap":{"0":{"start":{"line":2,"column":22},"end":{"line":4,"column":1}},"1":{"start":{"line":3,"column":4},"end":{"line":3,"column":62}},"2":{"start":{"line":5,"column":0},"end":{"line":5,"column":62}},"3":{"start":{"line":6,"column":15},"end":{"line":6,"column":47}},"4":{"start":{"line":8,"column":10},"end":{"line":8,"column":70}},"5":{"start":{"line":10,"column":31},"end":{"line":10,"column":58}},"6":{"start":{"line":11,"column":20},"end":{"line":11,"column":71}},"7":{"start":{"line":12,"column":8},"end":{"line":32,"column":11}},"8":{"start":{"line":13,"column":12},"end":{"line":31,"column":15}},"9":{"start":{"line":15,"column":27},"end":{"line":15,"column":29}},"10":{"start":{"line":16,"column":16},"end":{"line":18,"column":19}},"11":{"start":{"line":17,"column":20},"end":{"line":17,"column":34}},"12":{"start":{"line":19,"column":16},"end":{"line":27,"column":19}},"13":{"start":{"line":20,"column":20},"end":{"line":26,"column":21}},"14":{"start":{"line":21,"column":44},"end":{"line":21,"column":60}},"15":{"start":{"line":22,"column":24},"end":{"line":22,"column":45}},"16":{"start":{"line":25,"column":24},"end":{"line":25,"column":78}},"17":{"start":{"line":30,"column":16},"end":{"line":30,"column":47}},"18":{"start":{"line":35,"column":0},"end":{"line":35,"column":37}}},"fnMap":{"0":{"name":"(anonymous_0)","decl":{"start":{"line":2,"column":56},"end":{"line":2,"column":57}},"loc":{"start":{"line":2,"column":71},"end":{"line":4,"column":1}},"line":2},"1":{"name":"(anonymous_1)","decl":{"start":{"line":9,"column":4},"end":{"line":9,"column":5}},"loc":{"start":{"line":9,"column":41},"end":{"line":33,"column":5}},"line":9},"2":{"name":"(anonymous_2)","decl":{"start":{"line":12,"column":27},"end":{"line":12,"column":28}},"loc":{"start":{"line":12,"column":48},"end":{"line":32,"column":9}},"line":12},"3":{"name":"(anonymous_3)","decl":{"start":{"line":14,"column":26},"end":{"line":14,"column":27}},"loc":{"start":{"line":14,"column":35},"end":{"line":28,"column":13}},"line":14},"4":{"name":"(anonymous_4)","decl":{"start":{"line":16,"column":31},"end":{"line":16,"column":32}},"loc":{"start":{"line":16,"column":42},"end":{"line":18,"column":17}},"line":16},"5":{"name":"(anonymous_5)","decl":{"start":{"line":19,"column":30},"end":{"line":19,"column":31}},"loc":{"start":{"line":19,"column":36},"end":{"line":27,"column":17}},"line":19},"6":{"name":"(anonymous_6)","decl":{"start":{"line":29,"column":29},"end":{"line":29,"column":30}},"loc":{"start":{"line":29,"column":38},"end":{"line":31,"column":13}},"line":29}},"branchMap":{"0":{"loc":{"start":{"line":2,"column":22},"end":{"line":4,"column":1}},"type":"binary-expr","locations":[{"start":{"line":2,"column":23},"end":{"line":2,"column":27}},{"start":{"line":2,"column":31},"end":{"line":2,"column":51}},{"start":{"line":2,"column":56},"end":{"line":4,"column":1}}],"line":2},"1":{"loc":{"start":{"line":3,"column":11},"end":{"line":3,"column":61}},"type":"cond-expr","locations":[{"start":{"line":3,"column":37},"end":{"line":3,"column":40}},{"start":{"line":3,"column":43},"end":{"line":3,"column":61}}],"line":3},"2":{"loc":{"start":{"line":3,"column":12},"end":{"line":3,"column":33}},"type":"binary-expr","locations":[{"start":{"line":3,"column":12},"end":{"line":3,"column":15}},{"start":{"line":3,"column":19},"end":{"line":3,"column":33}}],"line":3}},"s":{"0":1,"1":1,"2":1,"3":1,"4":363,"5":363,"6":363,"7":363,"8":363,"9":363,"10":363,"11":363,"12":363,"13":363,"14":363,"15":363,"16":0,"17":0,"18":1},"f":{"0":1,"1":363,"2":363,"3":363,"4":363,"5":363,"6":0},"b":{"0":[1,1,1],"1":[0,1],"2":[1,1]},"inputSourceMap":{"version":3,"file":"/Users/oltimaloku/Documents/School/Year4/CPSC-310/project_team055/src/controller/GeolocationService.ts","sources":["/Users/oltimaloku/Documents/School/Year4/CPSC-310/project_team055/src/controller/GeolocationService.ts"],"names":[],"mappings":";;;;;AAAA,gDAAwB;AAQxB,MAAqB,kBAAkB;IAC9B,GAAG,GAAG,4DAA4D,CAAC;IAEpE,MAAM,CAAC,KAAK,CAAC,cAAc,CAAC,OAAe;QACjD,MAAM,cAAc,GAAG,kBAAkB,CAAC,OAAO,CAAC,CAAC;QACnD,MAAM,GAAG,GAAG,GAAG,IAAI,kBAAkB,EAAE,CAAC,GAAG,IAAI,cAAc,EAAE,CAAC;QAEhE,OAAO,IAAI,OAAO,CAAC,CAAC,OAAO,EAAE,MAAM,EAAE,EAAE;YACtC,cAAI;iBACF,GAAG,CAAC,GAAG,EAAE,CAAC,GAAG,EAAE,EAAE;gBACjB,IAAI,IAAI,GAAG,EAAE,CAAC;gBAEd,GAAG,CAAC,EAAE,CAAC,MAAM,EAAE,CAAC,KAAK,EAAE,EAAE;oBACxB,IAAI,IAAI,KAAK,CAAC;gBACf,CAAC,CAAC,CAAC;gBAEH,GAAG,CAAC,EAAE,CAAC,KAAK,EAAE,GAAG,EAAE;oBAClB,IAAI;wBACH,MAAM,WAAW,GAAgB,IAAI,CAAC,KAAK,CAAC,IAAI,CAAC,CAAC;wBAClD,OAAO,CAAC,WAAW,CAAC,CAAC;qBACrB;oBAAC,OAAO,KAAK,EAAE;wBACf,MAAM,CAAC,EAAE,KAAK,EAAE,0BAA0B,GAAG,KAAK,EAAE,CAAC,CAAC;qBACtD;gBACF,CAAC,CAAC,CAAC;YACJ,CAAC,CAAC;iBACD,EAAE,CAAC,OAAO,EAAE,CAAC,GAAG,EAAE,EAAE;gBACpB,MAAM,CAAC,EAAE,KAAK,EAAE,GAAG,CAAC,OAAO,EAAE,CAAC,CAAC;YAChC,CAAC,CAAC,CAAC;QACL,CAAC,CAAC,CAAC;IACJ,CAAC;CACD;AA9BD,qCA8BC","sourcesContent":["import http from \"http\";\n\ninterface GeoResponse {\n\tlat?: number;\n\tlon?: number;\n\terror?: string;\n}\n\nexport default class GeolocationService {\n\tprivate uri = \"http://cs310.students.cs.ubc.ca:11316/api/v1/project_team/\";\n\n\tpublic static async getGeolocation(address: string): Promise<GeoResponse> {\n\t\tconst encodedAddress = encodeURIComponent(address);\n\t\tconst uri = `${new GeolocationService().uri}/${encodedAddress}`;\n\n\t\treturn new Promise((resolve, reject) => {\n\t\t\thttp\n\t\t\t\t.get(uri, (res) => {\n\t\t\t\t\tlet data = \"\";\n\n\t\t\t\t\tres.on(\"data\", (chunk) => {\n\t\t\t\t\t\tdata += chunk;\n\t\t\t\t\t});\n\n\t\t\t\t\tres.on(\"end\", () => {\n\t\t\t\t\t\ttry {\n\t\t\t\t\t\t\tconst geoResponse: GeoResponse = JSON.parse(data);\n\t\t\t\t\t\t\tresolve(geoResponse);\n\t\t\t\t\t\t} catch (error) {\n\t\t\t\t\t\t\treject({ error: \"Failed to parse response\" + error });\n\t\t\t\t\t\t}\n\t\t\t\t\t});\n\t\t\t\t})\n\t\t\t\t.on(\"error\", (err) => {\n\t\t\t\t\treject({ error: err.message });\n\t\t\t\t});\n\t\t});\n\t}\n}\n"]},"_coverageSchema":"1a1c01bbd47fc00a2c39e90264f33305004495a9","hash":"380a8526d5a14aa1cc48fd03118786c7ca631fb7","contentHash":"18cdd173edeb6ae91b2495cb3e908133fafb382ee37d11cd85835284fcadab95"}}